{
  "C:\\Users\\Оля\\Desktop\\JS-professional-OTUS\\OTUS-Prof-REST\\src\\db.ts": {
    "path": "C:\\Users\\Оля\\Desktop\\JS-professional-OTUS\\OTUS-Prof-REST\\src\\db.ts",
    "statementMap": {
      "0": {
        "start": { "line": 4, "column": 32 },
        "end": { "line": 12, "column": 1 }
      },
      "1": {
        "start": { "line": 14, "column": 30 },
        "end": { "line": 16, "column": 1 }
      },
      "2": {
        "start": { "line": 15, "column": 2 },
        "end": { "line": 15, "column": 19 }
      },
      "3": {
        "start": { "line": 18, "column": 32 },
        "end": { "line": 43, "column": 1 }
      },
      "4": {
        "start": { "line": 45, "column": 31 },
        "end": { "line": 47, "column": 1 }
      },
      "5": {
        "start": { "line": 46, "column": 2 },
        "end": { "line": 46, "column": 19 }
      },
      "6": {
        "start": { "line": 48, "column": 38 },
        "end": { "line": 61, "column": 1 }
      },
      "7": {
        "start": { "line": 62, "column": 34 },
        "end": { "line": 64, "column": 1 }
      },
      "8": {
        "start": { "line": 63, "column": 2 },
        "end": { "line": 63, "column": 25 }
      }
    },
    "fnMap": {
      "0": {
        "name": "(anonymous_0)",
        "decl": {
          "start": { "line": 14, "column": 30 },
          "end": { "line": 14, "column": 31 }
        },
        "loc": {
          "start": { "line": 14, "column": 57 },
          "end": { "line": 16, "column": 1 }
        },
        "line": 14
      },
      "1": {
        "name": "(anonymous_1)",
        "decl": {
          "start": { "line": 45, "column": 31 },
          "end": { "line": 45, "column": 32 }
        },
        "loc": {
          "start": { "line": 45, "column": 58 },
          "end": { "line": 47, "column": 1 }
        },
        "line": 45
      },
      "2": {
        "name": "(anonymous_2)",
        "decl": {
          "start": { "line": 62, "column": 34 },
          "end": { "line": 62, "column": 35 }
        },
        "loc": {
          "start": { "line": 62, "column": 67 },
          "end": { "line": 64, "column": 1 }
        },
        "line": 62
      }
    },
    "branchMap": {},
    "s": {
      "0": 2,
      "1": 2,
      "2": 0,
      "3": 2,
      "4": 2,
      "5": 0,
      "6": 2,
      "7": 2,
      "8": 0
    },
    "f": { "0": 0, "1": 0, "2": 0 },
    "b": {},
    "_coverageSchema": "1a1c01bbd47fc00a2c39e90264f33305004495a9",
    "hash": "6bc3d1d7a03a32c3c7d0193b9ad1ed6f1454f59d"
  },
  "C:\\Users\\Оля\\Desktop\\JS-professional-OTUS\\OTUS-Prof-REST\\src\\index.ts": {
    "path": "C:\\Users\\Оля\\Desktop\\JS-professional-OTUS\\OTUS-Prof-REST\\src\\index.ts",
    "statementMap": {
      "0": {
        "start": { "line": 30, "column": 0 },
        "end": { "line": 32, "column": 1 }
      },
      "1": {
        "start": { "line": 31, "column": 2 },
        "end": { "line": 31, "column": 29 }
      },
      "2": {
        "start": { "line": 34, "column": 19 },
        "end": { "line": 34, "column": 28 }
      },
      "3": {
        "start": { "line": 35, "column": 13 },
        "end": { "line": 35, "column": 17 }
      },
      "4": {
        "start": { "line": 36, "column": 16 },
        "end": { "line": 45, "column": 1 }
      },
      "5": {
        "start": { "line": 47, "column": 20 },
        "end": { "line": 47, "column": 41 }
      },
      "6": {
        "start": { "line": 49, "column": 0 },
        "end": { "line": 53, "column": 2 }
      },
      "7": {
        "start": { "line": 51, "column": 21 },
        "end": { "line": 51, "column": 74 }
      },
      "8": {
        "start": { "line": 51, "column": 53 },
        "end": { "line": 51, "column": 73 }
      },
      "9": {
        "start": { "line": 52, "column": 18 },
        "end": { "line": 52, "column": 65 }
      },
      "10": {
        "start": { "line": 52, "column": 50 },
        "end": { "line": 52, "column": 64 }
      },
      "11": {
        "start": { "line": 54, "column": 0 },
        "end": { "line": 54, "column": 24 }
      },
      "12": {
        "start": { "line": 56, "column": 0 },
        "end": { "line": 56, "column": 17 }
      },
      "13": {
        "start": { "line": 57, "column": 0 },
        "end": { "line": 63, "column": 2 }
      },
      "14": {
        "start": { "line": 64, "column": 0 },
        "end": { "line": 64, "column": 31 }
      },
      "15": {
        "start": { "line": 65, "column": 0 },
        "end": { "line": 65, "column": 28 }
      },
      "16": {
        "start": { "line": 67, "column": 0 },
        "end": { "line": 67, "column": 30 }
      },
      "17": {
        "start": { "line": 68, "column": 0 },
        "end": { "line": 68, "column": 48 }
      },
      "18": {
        "start": { "line": 69, "column": 0 },
        "end": { "line": 69, "column": 49 }
      },
      "19": {
        "start": { "line": 70, "column": 0 },
        "end": { "line": 70, "column": 35 }
      },
      "20": {
        "start": { "line": 71, "column": 0 },
        "end": { "line": 71, "column": 21 }
      },
      "21": {
        "start": { "line": 72, "column": 0 },
        "end": { "line": 72, "column": 68 }
      },
      "22": {
        "start": { "line": 74, "column": 26 },
        "end": { "line": 82, "column": 1 }
      },
      "23": {
        "start": { "line": 75, "column": 25 },
        "end": { "line": 75, "column": 29 }
      },
      "24": {
        "start": { "line": 76, "column": 29 },
        "end": { "line": 79, "column": 3 }
      },
      "25": {
        "start": { "line": 80, "column": 2 },
        "end": { "line": 80, "column": 22 }
      },
      "26": {
        "start": { "line": 81, "column": 2 },
        "end": { "line": 81, "column": 17 }
      },
      "27": {
        "start": { "line": 84, "column": 29 },
        "end": { "line": 86, "column": 1 }
      },
      "28": {
        "start": { "line": 85, "column": 2 },
        "end": { "line": 85, "column": 25 }
      },
      "29": {
        "start": { "line": 88, "column": 0 },
        "end": { "line": 95, "column": 3 }
      },
      "30": {
        "start": { "line": 89, "column": 2 },
        "end": { "line": 94, "column": 3 }
      },
      "31": {
        "start": { "line": 90, "column": 21 },
        "end": { "line": 90, "column": 42 }
      },
      "32": {
        "start": { "line": 91, "column": 4 },
        "end": { "line": 91, "column": 38 }
      },
      "33": {
        "start": { "line": 93, "column": 4 },
        "end": { "line": 93, "column": 27 }
      },
      "34": {
        "start": { "line": 97, "column": 0 },
        "end": { "line": 100, "column": 3 }
      },
      "35": {
        "start": { "line": 98, "column": 2 },
        "end": { "line": 98, "column": 53 }
      },
      "36": {
        "start": { "line": 99, "column": 2 },
        "end": { "line": 99, "column": 56 }
      },
      "37": {
        "start": { "line": 101, "column": 0 },
        "end": { "line": 108, "column": 2 }
      },
      "38": {
        "start": { "line": 110, "column": 0 },
        "end": { "line": 112, "column": 3 }
      },
      "39": {
        "start": { "line": 111, "column": 2 },
        "end": { "line": 111, "column": 29 }
      },
      "40": {
        "start": { "line": 113, "column": 0 },
        "end": { "line": 126, "column": 3 }
      },
      "41": {
        "start": { "line": 114, "column": 2 },
        "end": { "line": 125, "column": 3 }
      },
      "42": {
        "start": { "line": 115, "column": 27 },
        "end": { "line": 115, "column": 67 }
      },
      "43": {
        "start": { "line": 116, "column": 4 },
        "end": { "line": 121, "column": 7 }
      },
      "44": {
        "start": { "line": 122, "column": 4 },
        "end": { "line": 122, "column": 27 }
      },
      "45": {
        "start": { "line": 124, "column": 4 },
        "end": { "line": 124, "column": 30 }
      },
      "46": {
        "start": { "line": 128, "column": 0 },
        "end": { "line": 135, "column": 3 }
      },
      "47": {
        "start": { "line": 129, "column": 2 },
        "end": { "line": 134, "column": 5 }
      },
      "48": {
        "start": { "line": 130, "column": 4 },
        "end": { "line": 132, "column": 5 }
      },
      "49": {
        "start": { "line": 131, "column": 6 },
        "end": { "line": 131, "column": 23 }
      },
      "50": {
        "start": { "line": 133, "column": 4 },
        "end": { "line": 133, "column": 27 }
      },
      "51": {
        "start": { "line": 138, "column": 0 },
        "end": { "line": 140, "column": 3 }
      },
      "52": {
        "start": { "line": 139, "column": 2 },
        "end": { "line": 139, "column": 18 }
      },
      "53": {
        "start": { "line": 141, "column": 0 },
        "end": { "line": 148, "column": 3 }
      },
      "54": {
        "start": { "line": 142, "column": 20 },
        "end": { "line": 142, "column": 61 }
      },
      "55": {
        "start": { "line": 142, "column": 38 },
        "end": { "line": 142, "column": 60 }
      },
      "56": {
        "start": { "line": 143, "column": 2 },
        "end": { "line": 146, "column": 3 }
      },
      "57": {
        "start": { "line": 144, "column": 4 },
        "end": { "line": 144, "column": 24 }
      },
      "58": {
        "start": { "line": 145, "column": 4 },
        "end": { "line": 145, "column": 11 }
      },
      "59": {
        "start": { "line": 147, "column": 2 },
        "end": { "line": 147, "column": 22 }
      },
      "60": {
        "start": { "line": 150, "column": 0 },
        "end": { "line": 161, "column": 3 }
      },
      "61": {
        "start": { "line": 151, "column": 18 },
        "end": { "line": 157, "column": 4 }
      },
      "62": {
        "start": { "line": 160, "column": 2 },
        "end": { "line": 160, "column": 30 }
      },
      "63": {
        "start": { "line": 163, "column": 0 },
        "end": { "line": 167, "column": 3 }
      },
      "64": {
        "start": { "line": 164, "column": 23 },
        "end": { "line": 164, "column": 66 }
      },
      "65": {
        "start": { "line": 164, "column": 43 },
        "end": { "line": 164, "column": 65 }
      },
      "66": {
        "start": { "line": 165, "column": 2 },
        "end": { "line": 165, "column": 31 }
      },
      "67": {
        "start": { "line": 166, "column": 2 },
        "end": { "line": 166, "column": 71 }
      },
      "68": {
        "start": { "line": 169, "column": 0 },
        "end": { "line": 180, "column": 3 }
      },
      "69": {
        "start": { "line": 170, "column": 20 },
        "end": { "line": 170, "column": 61 }
      },
      "70": {
        "start": { "line": 170, "column": 38 },
        "end": { "line": 170, "column": 60 }
      },
      "71": {
        "start": { "line": 171, "column": 2 },
        "end": { "line": 174, "column": 3 }
      },
      "72": {
        "start": { "line": 172, "column": 4 },
        "end": { "line": 172, "column": 24 }
      },
      "73": {
        "start": { "line": 173, "column": 4 },
        "end": { "line": 173, "column": 11 }
      },
      "74": {
        "start": { "line": 175, "column": 2 },
        "end": { "line": 175, "column": 33 }
      },
      "75": {
        "start": { "line": 176, "column": 2 },
        "end": { "line": 176, "column": 39 }
      },
      "76": {
        "start": { "line": 177, "column": 2 },
        "end": { "line": 177, "column": 35 }
      },
      "77": {
        "start": { "line": 178, "column": 2 },
        "end": { "line": 178, "column": 33 }
      },
      "78": {
        "start": { "line": 179, "column": 2 },
        "end": { "line": 179, "column": 22 }
      },
      "79": {
        "start": { "line": 182, "column": 0 },
        "end": { "line": 184, "column": 3 }
      },
      "80": {
        "start": { "line": 183, "column": 2 },
        "end": { "line": 183, "column": 18 }
      },
      "81": {
        "start": { "line": 185, "column": 0 },
        "end": { "line": 192, "column": 3 }
      },
      "82": {
        "start": { "line": 186, "column": 20 },
        "end": { "line": 186, "column": 61 }
      },
      "83": {
        "start": { "line": 186, "column": 38 },
        "end": { "line": 186, "column": 60 }
      },
      "84": {
        "start": { "line": 187, "column": 2 },
        "end": { "line": 190, "column": 3 }
      },
      "85": {
        "start": { "line": 188, "column": 4 },
        "end": { "line": 188, "column": 24 }
      },
      "86": {
        "start": { "line": 189, "column": 4 },
        "end": { "line": 189, "column": 11 }
      },
      "87": {
        "start": { "line": 191, "column": 2 },
        "end": { "line": 191, "column": 22 }
      },
      "88": {
        "start": { "line": 194, "column": 0 },
        "end": { "line": 203, "column": 3 }
      },
      "89": {
        "start": { "line": 195, "column": 15 },
        "end": { "line": 195, "column": 36 }
      },
      "90": {
        "start": { "line": 196, "column": 2 },
        "end": { "line": 202, "column": 3 }
      },
      "91": {
        "start": { "line": 197, "column": 25 },
        "end": { "line": 197, "column": 68 }
      },
      "92": {
        "start": { "line": 197, "column": 45 },
        "end": { "line": 197, "column": 67 }
      },
      "93": {
        "start": { "line": 198, "column": 4 },
        "end": { "line": 198, "column": 34 }
      },
      "94": {
        "start": { "line": 199, "column": 4 },
        "end": { "line": 199, "column": 73 }
      },
      "95": {
        "start": { "line": 201, "column": 4 },
        "end": { "line": 201, "column": 59 }
      },
      "96": {
        "start": { "line": 205, "column": 0 },
        "end": { "line": 217, "column": 3 }
      },
      "97": {
        "start": { "line": 206, "column": 20 },
        "end": { "line": 206, "column": 61 }
      },
      "98": {
        "start": { "line": 206, "column": 38 },
        "end": { "line": 206, "column": 60 }
      },
      "99": {
        "start": { "line": 207, "column": 2 },
        "end": { "line": 210, "column": 3 }
      },
      "100": {
        "start": { "line": 208, "column": 4 },
        "end": { "line": 208, "column": 24 }
      },
      "101": {
        "start": { "line": 209, "column": 4 },
        "end": { "line": 209, "column": 11 }
      },
      "102": {
        "start": { "line": 211, "column": 2 },
        "end": { "line": 211, "column": 47 }
      },
      "103": {
        "start": { "line": 212, "column": 2 },
        "end": { "line": 212, "column": 41 }
      },
      "104": {
        "start": { "line": 213, "column": 2 },
        "end": { "line": 213, "column": 45 }
      },
      "105": {
        "start": { "line": 214, "column": 2 },
        "end": { "line": 214, "column": 41 }
      },
      "106": {
        "start": { "line": 215, "column": 2 },
        "end": { "line": 215, "column": 31 }
      },
      "107": {
        "start": { "line": 216, "column": 2 },
        "end": { "line": 216, "column": 22 }
      },
      "108": {
        "start": { "line": 220, "column": 0 },
        "end": { "line": 238, "column": 3 }
      },
      "109": {
        "start": { "line": 221, "column": 17 },
        "end": { "line": 221, "column": 43 }
      },
      "110": {
        "start": { "line": 222, "column": 17 },
        "end": { "line": 222, "column": 43 }
      },
      "111": {
        "start": { "line": 224, "column": 25 },
        "end": { "line": 224, "column": 33 }
      },
      "112": {
        "start": { "line": 225, "column": 2 },
        "end": { "line": 229, "column": 3 }
      },
      "113": {
        "start": { "line": 226, "column": 4 },
        "end": { "line": 228, "column": 6 }
      },
      "114": {
        "start": { "line": 227, "column": 19 },
        "end": { "line": 227, "column": 44 }
      },
      "115": {
        "start": { "line": 231, "column": 2 },
        "end": { "line": 235, "column": 3 }
      },
      "116": {
        "start": { "line": 232, "column": 4 },
        "end": { "line": 234, "column": 6 }
      },
      "117": {
        "start": { "line": 233, "column": 19 },
        "end": { "line": 233, "column": 44 }
      },
      "118": {
        "start": { "line": 237, "column": 2 },
        "end": { "line": 237, "column": 29 }
      },
      "119": {
        "start": { "line": 240, "column": 0 },
        "end": { "line": 244, "column": 3 }
      },
      "120": {
        "start": { "line": 241, "column": 13 },
        "end": { "line": 241, "column": 26 }
      },
      "121": {
        "start": { "line": 242, "column": 23 },
        "end": { "line": 242, "column": 70 }
      },
      "122": {
        "start": { "line": 242, "column": 52 },
        "end": { "line": 242, "column": 69 }
      },
      "123": {
        "start": { "line": 243, "column": 2 },
        "end": { "line": 243, "column": 25 }
      },
      "124": {
        "start": { "line": 246, "column": 0 },
        "end": { "line": 264, "column": 3 }
      },
      "125": {
        "start": { "line": 247, "column": 42 },
        "end": { "line": 247, "column": 50 }
      },
      "126": {
        "start": { "line": 248, "column": 2 },
        "end": { "line": 254, "column": 3 }
      },
      "127": {
        "start": { "line": 249, "column": 4 },
        "end": { "line": 253, "column": 9 }
      },
      "128": {
        "start": { "line": 256, "column": 35 },
        "end": { "line": 261, "column": 3 }
      },
      "129": {
        "start": { "line": 262, "column": 2 },
        "end": { "line": 262, "column": 28 }
      },
      "130": {
        "start": { "line": 263, "column": 2 },
        "end": { "line": 263, "column": 75 }
      },
      "131": {
        "start": { "line": 265, "column": 0 },
        "end": { "line": 274, "column": 3 }
      },
      "132": {
        "start": { "line": 266, "column": 23 },
        "end": { "line": 266, "column": 67 }
      },
      "133": {
        "start": { "line": 266, "column": 44 },
        "end": { "line": 266, "column": 66 }
      },
      "134": {
        "start": { "line": 267, "column": 2 },
        "end": { "line": 270, "column": 3 }
      },
      "135": {
        "start": { "line": 268, "column": 4 },
        "end": { "line": 268, "column": 24 }
      },
      "136": {
        "start": { "line": 269, "column": 4 },
        "end": { "line": 269, "column": 11 }
      },
      "137": {
        "start": { "line": 271, "column": 2 },
        "end": { "line": 271, "column": 50 }
      },
      "138": {
        "start": { "line": 273, "column": 2 },
        "end": { "line": 273, "column": 78 }
      },
      "139": {
        "start": { "line": 275, "column": 0 },
        "end": { "line": 279, "column": 3 }
      },
      "140": {
        "start": { "line": 276, "column": 26 },
        "end": { "line": 276, "column": 72 }
      },
      "141": {
        "start": { "line": 276, "column": 49 },
        "end": { "line": 276, "column": 71 }
      },
      "142": {
        "start": { "line": 277, "column": 2 },
        "end": { "line": 277, "column": 38 }
      },
      "143": {
        "start": { "line": 278, "column": 2 },
        "end": { "line": 278, "column": 74 }
      },
      "144": {
        "start": { "line": 285, "column": 2 },
        "end": { "line": 287, "column": 3 }
      },
      "145": {
        "start": { "line": 286, "column": 4 },
        "end": { "line": 286, "column": 18 }
      },
      "146": {
        "start": { "line": 288, "column": 2 },
        "end": { "line": 288, "column": 25 }
      },
      "147": {
        "start": { "line": 291, "column": 2 },
        "end": { "line": 293, "column": 3 }
      },
      "148": {
        "start": { "line": 292, "column": 4 },
        "end": { "line": 292, "column": 29 }
      },
      "149": {
        "start": { "line": 294, "column": 2 },
        "end": { "line": 294, "column": 16 }
      }
    },
    "fnMap": {
      "0": {
        "name": "(anonymous_0)",
        "decl": {
          "start": { "line": 51, "column": 2 },
          "end": { "line": 51, "column": 3 }
        },
        "loc": {
          "start": { "line": 51, "column": 21 },
          "end": { "line": 51, "column": 74 }
        },
        "line": 51
      },
      "1": {
        "name": "(anonymous_1)",
        "decl": {
          "start": { "line": 51, "column": 32 },
          "end": { "line": 51, "column": 33 }
        },
        "loc": {
          "start": { "line": 51, "column": 53 },
          "end": { "line": 51, "column": 73 }
        },
        "line": 51
      },
      "2": {
        "name": "(anonymous_2)",
        "decl": {
          "start": { "line": 52, "column": 2 },
          "end": { "line": 52, "column": 3 }
        },
        "loc": {
          "start": { "line": 52, "column": 18 },
          "end": { "line": 52, "column": 65 }
        },
        "line": 52
      },
      "3": {
        "name": "(anonymous_3)",
        "decl": {
          "start": { "line": 52, "column": 29 },
          "end": { "line": 52, "column": 30 }
        },
        "loc": {
          "start": { "line": 52, "column": 50 },
          "end": { "line": 52, "column": 64 }
        },
        "line": 52
      },
      "4": {
        "name": "(anonymous_4)",
        "decl": {
          "start": { "line": 74, "column": 26 },
          "end": { "line": 74, "column": 27 }
        },
        "loc": {
          "start": { "line": 74, "column": 65 },
          "end": { "line": 82, "column": 1 }
        },
        "line": 74
      },
      "5": {
        "name": "(anonymous_5)",
        "decl": {
          "start": { "line": 84, "column": 29 },
          "end": { "line": 84, "column": 30 }
        },
        "loc": {
          "start": { "line": 84, "column": 56 },
          "end": { "line": 86, "column": 1 }
        },
        "line": 84
      },
      "6": {
        "name": "(anonymous_6)",
        "decl": {
          "start": { "line": 88, "column": 33 },
          "end": { "line": 88, "column": 34 }
        },
        "loc": {
          "start": { "line": 88, "column": 47 },
          "end": { "line": 95, "column": 1 }
        },
        "line": 88
      },
      "7": {
        "name": "(anonymous_7)",
        "decl": {
          "start": { "line": 97, "column": 41 },
          "end": { "line": 97, "column": 42 }
        },
        "loc": {
          "start": { "line": 97, "column": 55 },
          "end": { "line": 100, "column": 1 }
        },
        "line": 97
      },
      "8": {
        "name": "(anonymous_8)",
        "decl": {
          "start": { "line": 110, "column": 44 },
          "end": { "line": 110, "column": 45 }
        },
        "loc": {
          "start": { "line": 110, "column": 58 },
          "end": { "line": 112, "column": 1 }
        },
        "line": 110
      },
      "9": {
        "name": "(anonymous_9)",
        "decl": {
          "start": { "line": 113, "column": 22 },
          "end": { "line": 113, "column": 23 }
        },
        "loc": {
          "start": { "line": 113, "column": 42 },
          "end": { "line": 126, "column": 1 }
        },
        "line": 113
      },
      "10": {
        "name": "(anonymous_10)",
        "decl": {
          "start": { "line": 128, "column": 22 },
          "end": { "line": 128, "column": 23 }
        },
        "loc": {
          "start": { "line": 128, "column": 56 },
          "end": { "line": 135, "column": 1 }
        },
        "line": 128
      },
      "11": {
        "name": "(anonymous_11)",
        "decl": {
          "start": { "line": 129, "column": 13 },
          "end": { "line": 129, "column": 14 }
        },
        "loc": {
          "start": { "line": 129, "column": 22 },
          "end": { "line": 134, "column": 3 }
        },
        "line": 129
      },
      "12": {
        "name": "(anonymous_12)",
        "decl": {
          "start": { "line": 138, "column": 18 },
          "end": { "line": 138, "column": 19 }
        },
        "loc": {
          "start": { "line": 138, "column": 32 },
          "end": { "line": 140, "column": 1 }
        },
        "line": 138
      },
      "13": {
        "name": "(anonymous_13)",
        "decl": {
          "start": { "line": 141, "column": 22 },
          "end": { "line": 141, "column": 23 }
        },
        "loc": {
          "start": { "line": 141, "column": 36 },
          "end": { "line": 148, "column": 1 }
        },
        "line": 141
      },
      "14": {
        "name": "(anonymous_14)",
        "decl": {
          "start": { "line": 142, "column": 31 },
          "end": { "line": 142, "column": 32 }
        },
        "loc": {
          "start": { "line": 142, "column": 38 },
          "end": { "line": 142, "column": 60 }
        },
        "line": 142
      },
      "15": {
        "name": "(anonymous_15)",
        "decl": {
          "start": { "line": 150, "column": 19 },
          "end": { "line": 150, "column": 20 }
        },
        "loc": {
          "start": { "line": 150, "column": 33 },
          "end": { "line": 161, "column": 1 }
        },
        "line": 150
      },
      "16": {
        "name": "(anonymous_16)",
        "decl": {
          "start": { "line": 163, "column": 25 },
          "end": { "line": 163, "column": 26 }
        },
        "loc": {
          "start": { "line": 163, "column": 39 },
          "end": { "line": 167, "column": 1 }
        },
        "line": 163
      },
      "17": {
        "name": "(anonymous_17)",
        "decl": {
          "start": { "line": 164, "column": 36 },
          "end": { "line": 164, "column": 37 }
        },
        "loc": {
          "start": { "line": 164, "column": 43 },
          "end": { "line": 164, "column": 65 }
        },
        "line": 164
      },
      "18": {
        "name": "(anonymous_18)",
        "decl": {
          "start": { "line": 169, "column": 22 },
          "end": { "line": 169, "column": 23 }
        },
        "loc": {
          "start": { "line": 169, "column": 36 },
          "end": { "line": 180, "column": 1 }
        },
        "line": 169
      },
      "19": {
        "name": "(anonymous_19)",
        "decl": {
          "start": { "line": 170, "column": 31 },
          "end": { "line": 170, "column": 32 }
        },
        "loc": {
          "start": { "line": 170, "column": 38 },
          "end": { "line": 170, "column": 60 }
        },
        "line": 170
      },
      "20": {
        "name": "(anonymous_20)",
        "decl": {
          "start": { "line": 182, "column": 18 },
          "end": { "line": 182, "column": 19 }
        },
        "loc": {
          "start": { "line": 182, "column": 32 },
          "end": { "line": 184, "column": 1 }
        },
        "line": 182
      },
      "21": {
        "name": "(anonymous_21)",
        "decl": {
          "start": { "line": 185, "column": 22 },
          "end": { "line": 185, "column": 23 }
        },
        "loc": {
          "start": { "line": 185, "column": 36 },
          "end": { "line": 192, "column": 1 }
        },
        "line": 185
      },
      "22": {
        "name": "(anonymous_22)",
        "decl": {
          "start": { "line": 186, "column": 31 },
          "end": { "line": 186, "column": 32 }
        },
        "loc": {
          "start": { "line": 186, "column": 38 },
          "end": { "line": 186, "column": 60 }
        },
        "line": 186
      },
      "23": {
        "name": "(anonymous_23)",
        "decl": {
          "start": { "line": 194, "column": 25 },
          "end": { "line": 194, "column": 26 }
        },
        "loc": {
          "start": { "line": 194, "column": 39 },
          "end": { "line": 203, "column": 1 }
        },
        "line": 194
      },
      "24": {
        "name": "(anonymous_24)",
        "decl": {
          "start": { "line": 197, "column": 38 },
          "end": { "line": 197, "column": 39 }
        },
        "loc": {
          "start": { "line": 197, "column": 45 },
          "end": { "line": 197, "column": 67 }
        },
        "line": 197
      },
      "25": {
        "name": "(anonymous_25)",
        "decl": {
          "start": { "line": 205, "column": 22 },
          "end": { "line": 205, "column": 23 }
        },
        "loc": {
          "start": { "line": 205, "column": 36 },
          "end": { "line": 217, "column": 1 }
        },
        "line": 205
      },
      "26": {
        "name": "(anonymous_26)",
        "decl": {
          "start": { "line": 206, "column": 31 },
          "end": { "line": 206, "column": 32 }
        },
        "loc": {
          "start": { "line": 206, "column": 38 },
          "end": { "line": 206, "column": 60 }
        },
        "line": 206
      },
      "27": {
        "name": "(anonymous_27)",
        "decl": {
          "start": { "line": 220, "column": 21 },
          "end": { "line": 220, "column": 22 }
        },
        "loc": {
          "start": { "line": 220, "column": 35 },
          "end": { "line": 238, "column": 1 }
        },
        "line": 220
      },
      "28": {
        "name": "(anonymous_28)",
        "decl": {
          "start": { "line": 227, "column": 6 },
          "end": { "line": 227, "column": 7 }
        },
        "loc": {
          "start": { "line": 227, "column": 19 },
          "end": { "line": 227, "column": 44 }
        },
        "line": 227
      },
      "29": {
        "name": "(anonymous_29)",
        "decl": {
          "start": { "line": 233, "column": 6 },
          "end": { "line": 233, "column": 7 }
        },
        "loc": {
          "start": { "line": 233, "column": 19 },
          "end": { "line": 233, "column": 44 }
        },
        "line": 233
      },
      "30": {
        "name": "(anonymous_30)",
        "decl": {
          "start": { "line": 240, "column": 25 },
          "end": { "line": 240, "column": 26 }
        },
        "loc": {
          "start": { "line": 240, "column": 39 },
          "end": { "line": 244, "column": 1 }
        },
        "line": 240
      },
      "31": {
        "name": "(anonymous_31)",
        "decl": {
          "start": { "line": 242, "column": 39 },
          "end": { "line": 242, "column": 40 }
        },
        "loc": {
          "start": { "line": 242, "column": 52 },
          "end": { "line": 242, "column": 69 }
        },
        "line": 242
      },
      "32": {
        "name": "(anonymous_32)",
        "decl": {
          "start": { "line": 246, "column": 22 },
          "end": { "line": 246, "column": 23 }
        },
        "loc": {
          "start": { "line": 246, "column": 36 },
          "end": { "line": 264, "column": 1 }
        },
        "line": 246
      },
      "33": {
        "name": "(anonymous_33)",
        "decl": {
          "start": { "line": 265, "column": 25 },
          "end": { "line": 265, "column": 26 }
        },
        "loc": {
          "start": { "line": 265, "column": 39 },
          "end": { "line": 274, "column": 1 }
        },
        "line": 265
      },
      "34": {
        "name": "(anonymous_34)",
        "decl": {
          "start": { "line": 266, "column": 37 },
          "end": { "line": 266, "column": 38 }
        },
        "loc": {
          "start": { "line": 266, "column": 44 },
          "end": { "line": 266, "column": 66 }
        },
        "line": 266
      },
      "35": {
        "name": "(anonymous_35)",
        "decl": {
          "start": { "line": 275, "column": 28 },
          "end": { "line": 275, "column": 29 }
        },
        "loc": {
          "start": { "line": 275, "column": 42 },
          "end": { "line": 279, "column": 1 }
        },
        "line": 275
      },
      "36": {
        "name": "(anonymous_36)",
        "decl": {
          "start": { "line": 276, "column": 42 },
          "end": { "line": 276, "column": 43 }
        },
        "loc": {
          "start": { "line": 276, "column": 49 },
          "end": { "line": 276, "column": 71 }
        },
        "line": 276
      },
      "37": {
        "name": "checkAuthenticated",
        "decl": {
          "start": { "line": 284, "column": 16 },
          "end": { "line": 284, "column": 34 }
        },
        "loc": {
          "start": { "line": 284, "column": 66 },
          "end": { "line": 289, "column": 1 }
        },
        "line": 284
      },
      "38": {
        "name": "checkNotAuthenticated",
        "decl": {
          "start": { "line": 290, "column": 16 },
          "end": { "line": 290, "column": 37 }
        },
        "loc": {
          "start": { "line": 290, "column": 69 },
          "end": { "line": 295, "column": 1 }
        },
        "line": 290
      }
    },
    "branchMap": {
      "0": {
        "loc": {
          "start": { "line": 30, "column": 0 },
          "end": { "line": 32, "column": 1 }
        },
        "type": "if",
        "locations": [
          {
            "start": { "line": 30, "column": 0 },
            "end": { "line": 32, "column": 1 }
          },
          { "start": {}, "end": {} }
        ],
        "line": 30
      },
      "1": {
        "loc": {
          "start": { "line": 89, "column": 2 },
          "end": { "line": 94, "column": 3 }
        },
        "type": "if",
        "locations": [
          {
            "start": { "line": 89, "column": 2 },
            "end": { "line": 94, "column": 3 }
          },
          {
            "start": { "line": 92, "column": 9 },
            "end": { "line": 94, "column": 3 }
          }
        ],
        "line": 89
      },
      "2": {
        "loc": {
          "start": { "line": 130, "column": 4 },
          "end": { "line": 132, "column": 5 }
        },
        "type": "if",
        "locations": [
          {
            "start": { "line": 130, "column": 4 },
            "end": { "line": 132, "column": 5 }
          },
          { "start": {}, "end": {} }
        ],
        "line": 130
      },
      "3": {
        "loc": {
          "start": { "line": 143, "column": 2 },
          "end": { "line": 146, "column": 3 }
        },
        "type": "if",
        "locations": [
          {
            "start": { "line": 143, "column": 2 },
            "end": { "line": 146, "column": 3 }
          },
          { "start": {}, "end": {} }
        ],
        "line": 143
      },
      "4": {
        "loc": {
          "start": { "line": 171, "column": 2 },
          "end": { "line": 174, "column": 3 }
        },
        "type": "if",
        "locations": [
          {
            "start": { "line": 171, "column": 2 },
            "end": { "line": 174, "column": 3 }
          },
          { "start": {}, "end": {} }
        ],
        "line": 171
      },
      "5": {
        "loc": {
          "start": { "line": 187, "column": 2 },
          "end": { "line": 190, "column": 3 }
        },
        "type": "if",
        "locations": [
          {
            "start": { "line": 187, "column": 2 },
            "end": { "line": 190, "column": 3 }
          },
          { "start": {}, "end": {} }
        ],
        "line": 187
      },
      "6": {
        "loc": {
          "start": { "line": 196, "column": 2 },
          "end": { "line": 202, "column": 3 }
        },
        "type": "if",
        "locations": [
          {
            "start": { "line": 196, "column": 2 },
            "end": { "line": 202, "column": 3 }
          },
          {
            "start": { "line": 200, "column": 9 },
            "end": { "line": 202, "column": 3 }
          }
        ],
        "line": 196
      },
      "7": {
        "loc": {
          "start": { "line": 196, "column": 6 },
          "end": { "line": 196, "column": 41 }
        },
        "type": "binary-expr",
        "locations": [
          {
            "start": { "line": 196, "column": 6 },
            "end": { "line": 196, "column": 10 }
          },
          {
            "start": { "line": 196, "column": 14 },
            "end": { "line": 196, "column": 41 }
          }
        ],
        "line": 196
      },
      "8": {
        "loc": {
          "start": { "line": 207, "column": 2 },
          "end": { "line": 210, "column": 3 }
        },
        "type": "if",
        "locations": [
          {
            "start": { "line": 207, "column": 2 },
            "end": { "line": 210, "column": 3 }
          },
          { "start": {}, "end": {} }
        ],
        "line": 207
      },
      "9": {
        "loc": {
          "start": { "line": 225, "column": 2 },
          "end": { "line": 229, "column": 3 }
        },
        "type": "if",
        "locations": [
          {
            "start": { "line": 225, "column": 2 },
            "end": { "line": 229, "column": 3 }
          },
          { "start": {}, "end": {} }
        ],
        "line": 225
      },
      "10": {
        "loc": {
          "start": { "line": 231, "column": 2 },
          "end": { "line": 235, "column": 3 }
        },
        "type": "if",
        "locations": [
          {
            "start": { "line": 231, "column": 2 },
            "end": { "line": 235, "column": 3 }
          },
          { "start": {}, "end": {} }
        ],
        "line": 231
      },
      "11": {
        "loc": {
          "start": { "line": 248, "column": 2 },
          "end": { "line": 254, "column": 3 }
        },
        "type": "if",
        "locations": [
          {
            "start": { "line": 248, "column": 2 },
            "end": { "line": 254, "column": 3 }
          },
          { "start": {}, "end": {} }
        ],
        "line": 248
      },
      "12": {
        "loc": {
          "start": { "line": 248, "column": 6 },
          "end": { "line": 248, "column": 40 }
        },
        "type": "binary-expr",
        "locations": [
          {
            "start": { "line": 248, "column": 6 },
            "end": { "line": 248, "column": 13 }
          },
          {
            "start": { "line": 248, "column": 17 },
            "end": { "line": 248, "column": 24 }
          },
          {
            "start": { "line": 248, "column": 28 },
            "end": { "line": 248, "column": 40 }
          }
        ],
        "line": 248
      },
      "13": {
        "loc": {
          "start": { "line": 267, "column": 2 },
          "end": { "line": 270, "column": 3 }
        },
        "type": "if",
        "locations": [
          {
            "start": { "line": 267, "column": 2 },
            "end": { "line": 270, "column": 3 }
          },
          { "start": {}, "end": {} }
        ],
        "line": 267
      },
      "14": {
        "loc": {
          "start": { "line": 285, "column": 2 },
          "end": { "line": 287, "column": 3 }
        },
        "type": "if",
        "locations": [
          {
            "start": { "line": 285, "column": 2 },
            "end": { "line": 287, "column": 3 }
          },
          { "start": {}, "end": {} }
        ],
        "line": 285
      },
      "15": {
        "loc": {
          "start": { "line": 291, "column": 2 },
          "end": { "line": 293, "column": 3 }
        },
        "type": "if",
        "locations": [
          {
            "start": { "line": 291, "column": 2 },
            "end": { "line": 293, "column": 3 }
          },
          { "start": {}, "end": {} }
        ],
        "line": 291
      }
    },
    "s": {
      "0": 2,
      "1": 2,
      "2": 2,
      "3": 2,
      "4": 2,
      "5": 2,
      "6": 2,
      "7": 0,
      "8": 0,
      "9": 0,
      "10": 0,
      "11": 2,
      "12": 2,
      "13": 2,
      "14": 2,
      "15": 2,
      "16": 2,
      "17": 2,
      "18": 2,
      "19": 2,
      "20": 2,
      "21": 2,
      "22": 2,
      "23": 1,
      "24": 1,
      "25": 1,
      "26": 1,
      "27": 2,
      "28": 1,
      "29": 2,
      "30": 0,
      "31": 0,
      "32": 0,
      "33": 0,
      "34": 2,
      "35": 0,
      "36": 0,
      "37": 2,
      "38": 2,
      "39": 0,
      "40": 2,
      "41": 0,
      "42": 0,
      "43": 0,
      "44": 0,
      "45": 0,
      "46": 2,
      "47": 0,
      "48": 0,
      "49": 0,
      "50": 0,
      "51": 2,
      "52": 0,
      "53": 2,
      "54": 0,
      "55": 0,
      "56": 0,
      "57": 0,
      "58": 0,
      "59": 0,
      "60": 2,
      "61": 1,
      "62": 1,
      "63": 2,
      "64": 0,
      "65": 0,
      "66": 0,
      "67": 0,
      "68": 2,
      "69": 3,
      "70": 5,
      "71": 3,
      "72": 2,
      "73": 2,
      "74": 1,
      "75": 1,
      "76": 1,
      "77": 1,
      "78": 1,
      "79": 2,
      "80": 2,
      "81": 2,
      "82": 0,
      "83": 0,
      "84": 0,
      "85": 0,
      "86": 0,
      "87": 0,
      "88": 2,
      "89": 0,
      "90": 0,
      "91": 0,
      "92": 0,
      "93": 0,
      "94": 0,
      "95": 0,
      "96": 2,
      "97": 0,
      "98": 0,
      "99": 0,
      "100": 0,
      "101": 0,
      "102": 0,
      "103": 0,
      "104": 0,
      "105": 0,
      "106": 0,
      "107": 0,
      "108": 2,
      "109": 1,
      "110": 1,
      "111": 1,
      "112": 1,
      "113": 0,
      "114": 0,
      "115": 1,
      "116": 0,
      "117": 0,
      "118": 1,
      "119": 2,
      "120": 1,
      "121": 1,
      "122": 2,
      "123": 1,
      "124": 2,
      "125": 1,
      "126": 1,
      "127": 0,
      "128": 1,
      "129": 1,
      "130": 1,
      "131": 2,
      "132": 1,
      "133": 1,
      "134": 1,
      "135": 0,
      "136": 0,
      "137": 1,
      "138": 1,
      "139": 2,
      "140": 0,
      "141": 0,
      "142": 0,
      "143": 0,
      "144": 4,
      "145": 0,
      "146": 4,
      "147": 0,
      "148": 0,
      "149": 0
    },
    "f": {
      "0": 0,
      "1": 0,
      "2": 0,
      "3": 0,
      "4": 1,
      "5": 1,
      "6": 0,
      "7": 0,
      "8": 0,
      "9": 0,
      "10": 0,
      "11": 0,
      "12": 0,
      "13": 0,
      "14": 0,
      "15": 1,
      "16": 0,
      "17": 0,
      "18": 3,
      "19": 5,
      "20": 2,
      "21": 0,
      "22": 0,
      "23": 0,
      "24": 0,
      "25": 0,
      "26": 0,
      "27": 1,
      "28": 0,
      "29": 0,
      "30": 1,
      "31": 2,
      "32": 1,
      "33": 1,
      "34": 1,
      "35": 0,
      "36": 0,
      "37": 4,
      "38": 0
    },
    "b": {
      "0": [2, 0],
      "1": [0, 0],
      "2": [0, 0],
      "3": [0, 0],
      "4": [2, 1],
      "5": [0, 0],
      "6": [0, 0],
      "7": [0, 0],
      "8": [0, 0],
      "9": [0, 1],
      "10": [0, 1],
      "11": [0, 1],
      "12": [1, 1, 1],
      "13": [0, 1],
      "14": [0, 4],
      "15": [0, 0]
    },
    "_coverageSchema": "1a1c01bbd47fc00a2c39e90264f33305004495a9",
    "hash": "905d9af99eb0e327b757a25f44cb51818392457f"
  },
  "C:\\Users\\Оля\\Desktop\\JS-professional-OTUS\\OTUS-Prof-REST\\src\\passport-config.ts": {
    "path": "C:\\Users\\Оля\\Desktop\\JS-professional-OTUS\\OTUS-Prof-REST\\src\\passport-config.ts",
    "statementMap": {
      "0": {
        "start": { "line": 10, "column": 27 },
        "end": { "line": 31, "column": 3 }
      },
      "1": {
        "start": { "line": 15, "column": 17 },
        "end": { "line": 15, "column": 38 }
      },
      "2": {
        "start": { "line": 16, "column": 4 },
        "end": { "line": 16, "column": 22 }
      },
      "3": {
        "start": { "line": 17, "column": 4 },
        "end": { "line": 20, "column": 5 }
      },
      "4": {
        "start": { "line": 18, "column": 6 },
        "end": { "line": 18, "column": 45 }
      },
      "5": {
        "start": { "line": 19, "column": 6 },
        "end": { "line": 19, "column": 71 }
      },
      "6": {
        "start": { "line": 21, "column": 4 },
        "end": { "line": 30, "column": 5 }
      },
      "7": {
        "start": { "line": 22, "column": 6 },
        "end": { "line": 27, "column": 7 }
      },
      "8": {
        "start": { "line": 23, "column": 8 },
        "end": { "line": 23, "column": 32 }
      },
      "9": {
        "start": { "line": 25, "column": 8 },
        "end": { "line": 25, "column": 42 }
      },
      "10": {
        "start": { "line": 26, "column": 8 },
        "end": { "line": 26, "column": 68 }
      },
      "11": {
        "start": { "line": 29, "column": 6 },
        "end": { "line": 29, "column": 25 }
      },
      "12": {
        "start": { "line": 33, "column": 2 },
        "end": { "line": 33, "column": 80 }
      },
      "13": {
        "start": { "line": 34, "column": 2 },
        "end": { "line": 34, "column": 32 }
      },
      "14": {
        "start": { "line": 35, "column": 2 },
        "end": { "line": 37, "column": 5 }
      },
      "15": {
        "start": { "line": 36, "column": 4 },
        "end": { "line": 36, "column": 24 }
      },
      "16": {
        "start": { "line": 39, "column": 2 },
        "end": { "line": 42, "column": 5 }
      },
      "17": {
        "start": { "line": 40, "column": 17 },
        "end": { "line": 40, "column": 32 }
      },
      "18": {
        "start": { "line": 41, "column": 4 },
        "end": { "line": 41, "column": 21 }
      }
    },
    "fnMap": {
      "0": {
        "name": "initialize",
        "decl": {
          "start": { "line": 5, "column": 30 },
          "end": { "line": 5, "column": 40 }
        },
        "loc": {
          "start": { "line": 9, "column": 2 },
          "end": { "line": 43, "column": 1 }
        },
        "line": 9
      },
      "1": {
        "name": "(anonymous_1)",
        "decl": {
          "start": { "line": 10, "column": 27 },
          "end": { "line": 10, "column": 28 }
        },
        "loc": {
          "start": { "line": 14, "column": 7 },
          "end": { "line": 31, "column": 3 }
        },
        "line": 14
      },
      "2": {
        "name": "(anonymous_2)",
        "decl": {
          "start": { "line": 35, "column": 25 },
          "end": { "line": 35, "column": 26 }
        },
        "loc": {
          "start": { "line": 35, "column": 51 },
          "end": { "line": 37, "column": 3 }
        },
        "line": 35
      },
      "3": {
        "name": "(anonymous_3)",
        "decl": {
          "start": { "line": 39, "column": 27 },
          "end": { "line": 39, "column": 28 }
        },
        "loc": {
          "start": { "line": 39, "column": 54 },
          "end": { "line": 42, "column": 3 }
        },
        "line": 39
      }
    },
    "branchMap": {
      "0": {
        "loc": {
          "start": { "line": 17, "column": 4 },
          "end": { "line": 20, "column": 5 }
        },
        "type": "if",
        "locations": [
          {
            "start": { "line": 17, "column": 4 },
            "end": { "line": 20, "column": 5 }
          },
          { "start": {}, "end": {} }
        ],
        "line": 17
      },
      "1": {
        "loc": {
          "start": { "line": 22, "column": 6 },
          "end": { "line": 27, "column": 7 }
        },
        "type": "if",
        "locations": [
          {
            "start": { "line": 22, "column": 6 },
            "end": { "line": 27, "column": 7 }
          },
          {
            "start": { "line": 24, "column": 13 },
            "end": { "line": 27, "column": 7 }
          }
        ],
        "line": 22
      }
    },
    "s": {
      "0": 2,
      "1": 0,
      "2": 0,
      "3": 0,
      "4": 0,
      "5": 0,
      "6": 0,
      "7": 0,
      "8": 0,
      "9": 0,
      "10": 0,
      "11": 0,
      "12": 2,
      "13": 2,
      "14": 2,
      "15": 0,
      "16": 2,
      "17": 0,
      "18": 0
    },
    "f": { "0": 2, "1": 0, "2": 0, "3": 0 },
    "b": { "0": [0, 0], "1": [0, 0] },
    "_coverageSchema": "1a1c01bbd47fc00a2c39e90264f33305004495a9",
    "hash": "27453bdfe7889d3bfaa89cda9c973adf16f155d7"
  },
  "C:\\Users\\Оля\\Desktop\\JS-professional-OTUS\\OTUS-Prof-REST\\src\\routes.ts": {
    "path": "C:\\Users\\Оля\\Desktop\\JS-professional-OTUS\\OTUS-Prof-REST\\src\\routes.ts",
    "statementMap": {
      "0": {
        "start": { "line": 5, "column": 15 },
        "end": { "line": 5, "column": 31 }
      },
      "1": {
        "start": { "line": 24, "column": 0 },
        "end": { "line": 27, "column": 3 }
      },
      "2": {
        "start": { "line": 26, "column": 2 },
        "end": { "line": 26, "column": 18 }
      },
      "3": {
        "start": { "line": 46, "column": 0 },
        "end": { "line": 49, "column": 3 }
      },
      "4": {
        "start": { "line": 47, "column": 17 },
        "end": { "line": 47, "column": 30 }
      },
      "5": {
        "start": { "line": 48, "column": 2 },
        "end": { "line": 48, "column": 51 }
      }
    },
    "fnMap": {
      "0": {
        "name": "(anonymous_0)",
        "decl": {
          "start": { "line": 24, "column": 21 },
          "end": { "line": 24, "column": 22 }
        },
        "loc": {
          "start": { "line": 24, "column": 35 },
          "end": { "line": 27, "column": 1 }
        },
        "line": 24
      },
      "1": {
        "name": "(anonymous_1)",
        "decl": {
          "start": { "line": 46, "column": 25 },
          "end": { "line": 46, "column": 26 }
        },
        "loc": {
          "start": { "line": 46, "column": 39 },
          "end": { "line": 49, "column": 1 }
        },
        "line": 46
      }
    },
    "branchMap": {},
    "s": { "0": 2, "1": 2, "2": 1, "3": 2, "4": 1, "5": 1 },
    "f": { "0": 1, "1": 1 },
    "b": {},
    "_coverageSchema": "1a1c01bbd47fc00a2c39e90264f33305004495a9",
    "hash": "a29339927e54394ee6e35eb5c62fdfe3fc5c801a"
  }
}
