{"C:\\Users\\Оля\\Desktop\\JS-professional-OTUS\\OTUS-Prof-REST\\src\\db.js": {"path":"C:\\Users\\Оля\\Desktop\\JS-professional-OTUS\\OTUS-Prof-REST\\src\\db.js","statementMap":{"0":{"start":{"line":2,"column":0},"end":{"line":2,"column":62}},"1":{"start":{"line":3,"column":0},"end":{"line":10,"column":11}},"2":{"start":{"line":11,"column":0},"end":{"line":26,"column":2}},"3":{"start":{"line":27,"column":23},"end":{"line":29,"column":1}},"4":{"start":{"line":28,"column":2},"end":{"line":28,"column":27}},"5":{"start":{"line":30,"column":0},"end":{"line":30,"column":40}},"6":{"start":{"line":31,"column":19},"end":{"line":38,"column":1}},"7":{"start":{"line":32,"column":20},"end":{"line":34,"column":3}},"8":{"start":{"line":33,"column":14},"end":{"line":33,"column":39}},"9":{"start":{"line":35,"column":2},"end":{"line":37,"column":3}},"10":{"start":{"line":36,"column":4},"end":{"line":36,"column":42}},"11":{"start":{"line":39,"column":0},"end":{"line":39,"column":32}},"12":{"start":{"line":40,"column":0},"end":{"line":65,"column":2}},"13":{"start":{"line":66,"column":24},"end":{"line":68,"column":1}},"14":{"start":{"line":67,"column":2},"end":{"line":67,"column":27}},"15":{"start":{"line":69,"column":0},"end":{"line":69,"column":42}},"16":{"start":{"line":70,"column":0},"end":{"line":95,"column":2}},"17":{"start":{"line":96,"column":27},"end":{"line":98,"column":1}},"18":{"start":{"line":97,"column":2},"end":{"line":97,"column":33}},"19":{"start":{"line":99,"column":0},"end":{"line":99,"column":48}}},"fnMap":{"0":{"name":"(anonymous_0)","decl":{"start":{"line":27,"column":23},"end":{"line":27,"column":24}},"loc":{"start":{"line":27,"column":37},"end":{"line":29,"column":1}},"line":27},"1":{"name":"(anonymous_1)","decl":{"start":{"line":31,"column":19},"end":{"line":31,"column":20}},"loc":{"start":{"line":31,"column":35},"end":{"line":38,"column":1}},"line":31},"2":{"name":"(anonymous_2)","decl":{"start":{"line":33,"column":4},"end":{"line":33,"column":5}},"loc":{"start":{"line":33,"column":14},"end":{"line":33,"column":39}},"line":33},"3":{"name":"(anonymous_3)","decl":{"start":{"line":66,"column":24},"end":{"line":66,"column":25}},"loc":{"start":{"line":66,"column":38},"end":{"line":68,"column":1}},"line":66},"4":{"name":"(anonymous_4)","decl":{"start":{"line":96,"column":27},"end":{"line":96,"column":28}},"loc":{"start":{"line":96,"column":44},"end":{"line":98,"column":1}},"line":96}},"branchMap":{"0":{"loc":{"start":{"line":35,"column":2},"end":{"line":37,"column":3}},"type":"if","locations":[{"start":{"line":35,"column":2},"end":{"line":37,"column":3}},{"start":{},"end":{}}],"line":35}},"s":{"0":1,"1":1,"2":1,"3":1,"4":0,"5":1,"6":1,"7":1,"8":1,"9":1,"10":1,"11":1,"12":1,"13":1,"14":0,"15":1,"16":1,"17":1,"18":1,"19":1},"f":{"0":0,"1":1,"2":1,"3":0,"4":1},"b":{"0":[1,0]},"inputSourceMap":null,"_coverageSchema":"1a1c01bbd47fc00a2c39e90264f33305004495a9","hash":"ebc62ab1cfeaf7d5da13480241782bc513828901"}
,"C:\\Users\\Оля\\Desktop\\JS-professional-OTUS\\OTUS-Prof-REST\\src\\index.ts": {"path":"C:\\Users\\Оля\\Desktop\\JS-professional-OTUS\\OTUS-Prof-REST\\src\\index.ts","statementMap":{"0":{"start":{"line":14,"column":0},"end":{"line":16,"column":1}},"1":{"start":{"line":15,"column":2},"end":{"line":15,"column":29}},"2":{"start":{"line":18,"column":19},"end":{"line":18,"column":28}},"3":{"start":{"line":19,"column":13},"end":{"line":19,"column":17}},"4":{"start":{"line":20,"column":16},"end":{"line":29,"column":1}},"5":{"start":{"line":31,"column":20},"end":{"line":31,"column":41}},"6":{"start":{"line":33,"column":0},"end":{"line":37,"column":2}},"7":{"start":{"line":35,"column":21},"end":{"line":35,"column":69}},"8":{"start":{"line":35,"column":48},"end":{"line":35,"column":68}},"9":{"start":{"line":36,"column":18},"end":{"line":36,"column":60}},"10":{"start":{"line":36,"column":45},"end":{"line":36,"column":59}},"11":{"start":{"line":38,"column":0},"end":{"line":38,"column":24}},"12":{"start":{"line":40,"column":0},"end":{"line":40,"column":17}},"13":{"start":{"line":41,"column":0},"end":{"line":47,"column":2}},"14":{"start":{"line":48,"column":0},"end":{"line":48,"column":31}},"15":{"start":{"line":49,"column":0},"end":{"line":49,"column":28}},"16":{"start":{"line":51,"column":0},"end":{"line":51,"column":30}},"17":{"start":{"line":52,"column":0},"end":{"line":52,"column":52}},"18":{"start":{"line":53,"column":0},"end":{"line":53,"column":49}},"19":{"start":{"line":54,"column":0},"end":{"line":54,"column":35}},"20":{"start":{"line":55,"column":0},"end":{"line":55,"column":21}},"21":{"start":{"line":56,"column":0},"end":{"line":56,"column":68}}},"fnMap":{"0":{"name":"(anonymous_0)","decl":{"start":{"line":35,"column":2},"end":{"line":35,"column":3}},"loc":{"start":{"line":35,"column":21},"end":{"line":35,"column":69}},"line":35},"1":{"name":"(anonymous_1)","decl":{"start":{"line":35,"column":32},"end":{"line":35,"column":33}},"loc":{"start":{"line":35,"column":48},"end":{"line":35,"column":68}},"line":35},"2":{"name":"(anonymous_2)","decl":{"start":{"line":36,"column":2},"end":{"line":36,"column":3}},"loc":{"start":{"line":36,"column":18},"end":{"line":36,"column":60}},"line":36},"3":{"name":"(anonymous_3)","decl":{"start":{"line":36,"column":29},"end":{"line":36,"column":30}},"loc":{"start":{"line":36,"column":45},"end":{"line":36,"column":59}},"line":36}},"branchMap":{"0":{"loc":{"start":{"line":14,"column":0},"end":{"line":16,"column":1}},"type":"if","locations":[{"start":{"line":14,"column":0},"end":{"line":16,"column":1}},{"start":{},"end":{}}],"line":14}},"s":{"0":1,"1":1,"2":1,"3":1,"4":1,"5":1,"6":1,"7":0,"8":0,"9":0,"10":0,"11":1,"12":1,"13":1,"14":1,"15":1,"16":1,"17":1,"18":1,"19":1,"20":1,"21":1},"f":{"0":0,"1":0,"2":0,"3":0},"b":{"0":[1,0]},"_coverageSchema":"1a1c01bbd47fc00a2c39e90264f33305004495a9","hash":"e6c517ddef3796df85828fa60df013b5298ca011"}
,"C:\\Users\\Оля\\Desktop\\JS-professional-OTUS\\OTUS-Prof-REST\\src\\config\\passport-config.js": {"path":"C:\\Users\\Оля\\Desktop\\JS-professional-OTUS\\OTUS-Prof-REST\\src\\config\\passport-config.js","statementMap":{"0":{"start":{"line":3,"column":2},"end":{"line":34,"column":3}},"1":{"start":{"line":6,"column":6},"end":{"line":10,"column":13}},"2":{"start":{"line":9,"column":12},"end":{"line":9,"column":27}},"3":{"start":{"line":12,"column":4},"end":{"line":33,"column":7}},"4":{"start":{"line":14,"column":8},"end":{"line":18,"column":9}},"5":{"start":{"line":15,"column":10},"end":{"line":15,"column":38}},"6":{"start":{"line":17,"column":10},"end":{"line":17,"column":20}},"7":{"start":{"line":21,"column":8},"end":{"line":25,"column":9}},"8":{"start":{"line":22,"column":10},"end":{"line":22,"column":42}},"9":{"start":{"line":24,"column":10},"end":{"line":24,"column":20}},"10":{"start":{"line":28,"column":8},"end":{"line":30,"column":58}},"11":{"start":{"line":32,"column":6},"end":{"line":32,"column":76}},"12":{"start":{"line":36,"column":2},"end":{"line":39,"column":3}},"13":{"start":{"line":38,"column":4},"end":{"line":38,"column":58}},"14":{"start":{"line":40,"column":0},"end":{"line":40,"column":62}},"15":{"start":{"line":41,"column":17},"end":{"line":41,"column":51}},"16":{"start":{"line":42,"column":25},"end":{"line":42,"column":50}},"17":{"start":{"line":44,"column":2},"end":{"line":78,"column":5}},"18":{"start":{"line":45,"column":29},"end":{"line":63,"column":8}},"19":{"start":{"line":46,"column":6},"end":{"line":63,"column":8}},"20":{"start":{"line":47,"column":21},"end":{"line":47,"column":42}},"21":{"start":{"line":48,"column":8},"end":{"line":48,"column":26}},"22":{"start":{"line":49,"column":8},"end":{"line":52,"column":9}},"23":{"start":{"line":50,"column":10},"end":{"line":50,"column":49}},"24":{"start":{"line":51,"column":10},"end":{"line":51,"column":75}},"25":{"start":{"line":53,"column":8},"end":{"line":62,"column":9}},"26":{"start":{"line":54,"column":10},"end":{"line":59,"column":11}},"27":{"start":{"line":55,"column":12},"end":{"line":55,"column":36}},"28":{"start":{"line":57,"column":12},"end":{"line":57,"column":46}},"29":{"start":{"line":58,"column":12},"end":{"line":58,"column":72}},"30":{"start":{"line":61,"column":10},"end":{"line":61,"column":29}},"31":{"start":{"line":64,"column":4},"end":{"line":69,"column":6}},"32":{"start":{"line":70,"column":4},"end":{"line":70,"column":34}},"33":{"start":{"line":71,"column":4},"end":{"line":73,"column":7}},"34":{"start":{"line":72,"column":6},"end":{"line":72,"column":26}},"35":{"start":{"line":74,"column":4},"end":{"line":77,"column":7}},"36":{"start":{"line":75,"column":19},"end":{"line":75,"column":34}},"37":{"start":{"line":76,"column":6},"end":{"line":76,"column":23}},"38":{"start":{"line":80,"column":0},"end":{"line":80,"column":29}}},"fnMap":{"0":{"name":"(anonymous_0)","decl":{"start":{"line":4,"column":2},"end":{"line":4,"column":3}},"loc":{"start":{"line":4,"column":47},"end":{"line":34,"column":3}},"line":4},"1":{"name":"adopt","decl":{"start":{"line":5,"column":13},"end":{"line":5,"column":18}},"loc":{"start":{"line":5,"column":26},"end":{"line":11,"column":5}},"line":5},"2":{"name":"(anonymous_2)","decl":{"start":{"line":8,"column":16},"end":{"line":8,"column":17}},"loc":{"start":{"line":8,"column":35},"end":{"line":10,"column":11}},"line":8},"3":{"name":"(anonymous_3)","decl":{"start":{"line":12,"column":36},"end":{"line":12,"column":37}},"loc":{"start":{"line":12,"column":63},"end":{"line":33,"column":5}},"line":12},"4":{"name":"fulfilled","decl":{"start":{"line":13,"column":15},"end":{"line":13,"column":24}},"loc":{"start":{"line":13,"column":32},"end":{"line":19,"column":7}},"line":13},"5":{"name":"rejected","decl":{"start":{"line":20,"column":15},"end":{"line":20,"column":23}},"loc":{"start":{"line":20,"column":31},"end":{"line":26,"column":7}},"line":20},"6":{"name":"step","decl":{"start":{"line":27,"column":15},"end":{"line":27,"column":19}},"loc":{"start":{"line":27,"column":28},"end":{"line":31,"column":7}},"line":27},"7":{"name":"(anonymous_7)","decl":{"start":{"line":37,"column":2},"end":{"line":37,"column":3}},"loc":{"start":{"line":37,"column":17},"end":{"line":39,"column":3}},"line":37},"8":{"name":"initialize","decl":{"start":{"line":43,"column":9},"end":{"line":43,"column":19}},"loc":{"start":{"line":43,"column":59},"end":{"line":79,"column":1}},"line":43},"9":{"name":"(anonymous_9)","decl":{"start":{"line":44,"column":41},"end":{"line":44,"column":42}},"loc":{"start":{"line":44,"column":54},"end":{"line":78,"column":3}},"line":44},"10":{"name":"(anonymous_10)","decl":{"start":{"line":45,"column":29},"end":{"line":45,"column":30}},"loc":{"start":{"line":46,"column":6},"end":{"line":63,"column":8}},"line":46},"11":{"name":"(anonymous_11)","decl":{"start":{"line":46,"column":38},"end":{"line":46,"column":39}},"loc":{"start":{"line":46,"column":51},"end":{"line":63,"column":7}},"line":46},"12":{"name":"(anonymous_12)","decl":{"start":{"line":71,"column":27},"end":{"line":71,"column":28}},"loc":{"start":{"line":71,"column":43},"end":{"line":73,"column":5}},"line":71},"13":{"name":"(anonymous_13)","decl":{"start":{"line":74,"column":29},"end":{"line":74,"column":30}},"loc":{"start":{"line":74,"column":43},"end":{"line":77,"column":5}},"line":74}},"branchMap":{"0":{"loc":{"start":{"line":3,"column":2},"end":{"line":34,"column":3}},"type":"binary-expr","locations":[{"start":{"line":3,"column":3},"end":{"line":3,"column":7}},{"start":{"line":3,"column":11},"end":{"line":3,"column":25}},{"start":{"line":4,"column":2},"end":{"line":34,"column":3}}],"line":3},"1":{"loc":{"start":{"line":6,"column":13},"end":{"line":10,"column":12}},"type":"cond-expr","locations":[{"start":{"line":7,"column":10},"end":{"line":7,"column":15}},{"start":{"line":8,"column":10},"end":{"line":10,"column":12}}],"line":6},"2":{"loc":{"start":{"line":12,"column":16},"end":{"line":12,"column":34}},"type":"binary-expr","locations":[{"start":{"line":12,"column":16},"end":{"line":12,"column":17}},{"start":{"line":12,"column":22},"end":{"line":12,"column":33}}],"line":12},"3":{"loc":{"start":{"line":28,"column":8},"end":{"line":30,"column":57}},"type":"cond-expr","locations":[{"start":{"line":29,"column":12},"end":{"line":29,"column":33}},{"start":{"line":30,"column":12},"end":{"line":30,"column":57}}],"line":28},"4":{"loc":{"start":{"line":32,"column":49},"end":{"line":32,"column":65}},"type":"binary-expr","locations":[{"start":{"line":32,"column":49},"end":{"line":32,"column":59}},{"start":{"line":32,"column":63},"end":{"line":32,"column":65}}],"line":32},"5":{"loc":{"start":{"line":36,"column":2},"end":{"line":39,"column":3}},"type":"binary-expr","locations":[{"start":{"line":36,"column":3},"end":{"line":36,"column":7}},{"start":{"line":36,"column":11},"end":{"line":36,"column":31}},{"start":{"line":37,"column":2},"end":{"line":39,"column":3}}],"line":36},"6":{"loc":{"start":{"line":38,"column":11},"end":{"line":38,"column":57}},"type":"cond-expr","locations":[{"start":{"line":38,"column":35},"end":{"line":38,"column":38}},{"start":{"line":38,"column":41},"end":{"line":38,"column":57}}],"line":38},"7":{"loc":{"start":{"line":38,"column":11},"end":{"line":38,"column":32}},"type":"binary-expr","locations":[{"start":{"line":38,"column":11},"end":{"line":38,"column":14}},{"start":{"line":38,"column":18},"end":{"line":38,"column":32}}],"line":38},"8":{"loc":{"start":{"line":49,"column":8},"end":{"line":52,"column":9}},"type":"if","locations":[{"start":{"line":49,"column":8},"end":{"line":52,"column":9}},{"start":{},"end":{}}],"line":49},"9":{"loc":{"start":{"line":54,"column":10},"end":{"line":59,"column":11}},"type":"if","locations":[{"start":{"line":54,"column":10},"end":{"line":59,"column":11}},{"start":{"line":56,"column":17},"end":{"line":59,"column":11}}],"line":54}},"s":{"0":1,"1":0,"2":0,"3":1,"4":0,"5":0,"6":0,"7":0,"8":0,"9":0,"10":1,"11":1,"12":1,"13":1,"14":1,"15":1,"16":1,"17":1,"18":1,"19":0,"20":0,"21":0,"22":0,"23":0,"24":0,"25":0,"26":0,"27":0,"28":0,"29":0,"30":0,"31":1,"32":1,"33":1,"34":0,"35":1,"36":0,"37":0,"38":1},"f":{"0":1,"1":0,"2":0,"3":1,"4":0,"5":0,"6":1,"7":1,"8":1,"9":1,"10":0,"11":0,"12":0,"13":0},"b":{"0":[1,1,1],"1":[0,0],"2":[1,1],"3":[1,0],"4":[1,1],"5":[1,1,1],"6":[0,1],"7":[1,1],"8":[0,0],"9":[0,0]},"inputSourceMap":null,"_coverageSchema":"1a1c01bbd47fc00a2c39e90264f33305004495a9","hash":"9700bf04c839b0e898766a3e872c78a85429132c"}
,"C:\\Users\\Оля\\Desktop\\JS-professional-OTUS\\OTUS-Prof-REST\\src\\controllers\\comments.controller.js": {"path":"C:\\Users\\Оля\\Desktop\\JS-professional-OTUS\\OTUS-Prof-REST\\src\\controllers\\comments.controller.js","statementMap":{"0":{"start":{"line":2,"column":0},"end":{"line":2,"column":62}},"1":{"start":{"line":3,"column":0},"end":{"line":9,"column":11}},"2":{"start":{"line":10,"column":13},"end":{"line":10,"column":29}},"3":{"start":{"line":11,"column":15},"end":{"line":11,"column":30}},"4":{"start":{"line":12,"column":22},"end":{"line":14,"column":1}},"5":{"start":{"line":13,"column":2},"end":{"line":13,"column":30}},"6":{"start":{"line":15,"column":0},"end":{"line":15,"column":38}},"7":{"start":{"line":16,"column":20},"end":{"line":31,"column":1}},"8":{"start":{"line":17,"column":17},"end":{"line":17,"column":33}},"9":{"start":{"line":18,"column":17},"end":{"line":18,"column":33}},"10":{"start":{"line":19,"column":25},"end":{"line":19,"column":38}},"11":{"start":{"line":20,"column":2},"end":{"line":24,"column":3}},"12":{"start":{"line":21,"column":4},"end":{"line":23,"column":6}},"13":{"start":{"line":22,"column":19},"end":{"line":22,"column":44}},"14":{"start":{"line":25,"column":2},"end":{"line":29,"column":3}},"15":{"start":{"line":26,"column":4},"end":{"line":28,"column":6}},"16":{"start":{"line":27,"column":19},"end":{"line":27,"column":44}},"17":{"start":{"line":30,"column":2},"end":{"line":30,"column":29}},"18":{"start":{"line":32,"column":0},"end":{"line":32,"column":34}},"19":{"start":{"line":33,"column":23},"end":{"line":37,"column":1}},"20":{"start":{"line":34,"column":13},"end":{"line":34,"column":26}},"21":{"start":{"line":35,"column":23},"end":{"line":35,"column":75}},"22":{"start":{"line":35,"column":57},"end":{"line":35,"column":74}},"23":{"start":{"line":36,"column":2},"end":{"line":36,"column":25}},"24":{"start":{"line":38,"column":0},"end":{"line":38,"column":40}},"25":{"start":{"line":39,"column":32},"end":{"line":56,"column":1}},"26":{"start":{"line":40,"column":42},"end":{"line":40,"column":50}},"27":{"start":{"line":41,"column":2},"end":{"line":45,"column":3}},"28":{"start":{"line":42,"column":4},"end":{"line":44,"column":7}},"29":{"start":{"line":46,"column":21},"end":{"line":51,"column":3}},"30":{"start":{"line":52,"column":2},"end":{"line":52,"column":41}},"31":{"start":{"line":53,"column":2},"end":{"line":55,"column":74}},"32":{"start":{"line":57,"column":0},"end":{"line":57,"column":58}},"33":{"start":{"line":58,"column":33},"end":{"line":66,"column":1}},"34":{"start":{"line":59,"column":23},"end":{"line":59,"column":72}},"35":{"start":{"line":59,"column":49},"end":{"line":59,"column":71}},"36":{"start":{"line":60,"column":2},"end":{"line":63,"column":3}},"37":{"start":{"line":61,"column":4},"end":{"line":61,"column":24}},"38":{"start":{"line":62,"column":4},"end":{"line":62,"column":11}},"39":{"start":{"line":64,"column":2},"end":{"line":64,"column":50}},"40":{"start":{"line":65,"column":2},"end":{"line":65,"column":78}},"41":{"start":{"line":67,"column":0},"end":{"line":67,"column":60}},"42":{"start":{"line":68,"column":22},"end":{"line":72,"column":1}},"43":{"start":{"line":69,"column":26},"end":{"line":69,"column":77}},"44":{"start":{"line":69,"column":54},"end":{"line":69,"column":76}},"45":{"start":{"line":70,"column":2},"end":{"line":70,"column":48}},"46":{"start":{"line":71,"column":2},"end":{"line":71,"column":74}},"47":{"start":{"line":73,"column":0},"end":{"line":73,"column":38}}},"fnMap":{"0":{"name":"(anonymous_0)","decl":{"start":{"line":12,"column":22},"end":{"line":12,"column":23}},"loc":{"start":{"line":12,"column":35},"end":{"line":14,"column":1}},"line":12},"1":{"name":"(anonymous_1)","decl":{"start":{"line":16,"column":20},"end":{"line":16,"column":21}},"loc":{"start":{"line":16,"column":34},"end":{"line":31,"column":1}},"line":16},"2":{"name":"(anonymous_2)","decl":{"start":{"line":22,"column":6},"end":{"line":22,"column":7}},"loc":{"start":{"line":22,"column":19},"end":{"line":22,"column":44}},"line":22},"3":{"name":"(anonymous_3)","decl":{"start":{"line":27,"column":6},"end":{"line":27,"column":7}},"loc":{"start":{"line":27,"column":19},"end":{"line":27,"column":44}},"line":27},"4":{"name":"(anonymous_4)","decl":{"start":{"line":33,"column":23},"end":{"line":33,"column":24}},"loc":{"start":{"line":33,"column":37},"end":{"line":37,"column":1}},"line":33},"5":{"name":"(anonymous_5)","decl":{"start":{"line":35,"column":44},"end":{"line":35,"column":45}},"loc":{"start":{"line":35,"column":57},"end":{"line":35,"column":74}},"line":35},"6":{"name":"(anonymous_6)","decl":{"start":{"line":39,"column":32},"end":{"line":39,"column":33}},"loc":{"start":{"line":39,"column":46},"end":{"line":56,"column":1}},"line":39},"7":{"name":"(anonymous_7)","decl":{"start":{"line":58,"column":33},"end":{"line":58,"column":34}},"loc":{"start":{"line":58,"column":47},"end":{"line":66,"column":1}},"line":58},"8":{"name":"(anonymous_8)","decl":{"start":{"line":59,"column":42},"end":{"line":59,"column":43}},"loc":{"start":{"line":59,"column":49},"end":{"line":59,"column":71}},"line":59},"9":{"name":"(anonymous_9)","decl":{"start":{"line":68,"column":22},"end":{"line":68,"column":23}},"loc":{"start":{"line":68,"column":36},"end":{"line":72,"column":1}},"line":68},"10":{"name":"(anonymous_10)","decl":{"start":{"line":69,"column":47},"end":{"line":69,"column":48}},"loc":{"start":{"line":69,"column":54},"end":{"line":69,"column":76}},"line":69}},"branchMap":{"0":{"loc":{"start":{"line":20,"column":2},"end":{"line":24,"column":3}},"type":"if","locations":[{"start":{"line":20,"column":2},"end":{"line":24,"column":3}},{"start":{},"end":{}}],"line":20},"1":{"loc":{"start":{"line":25,"column":2},"end":{"line":29,"column":3}},"type":"if","locations":[{"start":{"line":25,"column":2},"end":{"line":29,"column":3}},{"start":{},"end":{}}],"line":25},"2":{"loc":{"start":{"line":41,"column":2},"end":{"line":45,"column":3}},"type":"if","locations":[{"start":{"line":41,"column":2},"end":{"line":45,"column":3}},{"start":{},"end":{}}],"line":41},"3":{"loc":{"start":{"line":41,"column":6},"end":{"line":41,"column":40}},"type":"binary-expr","locations":[{"start":{"line":41,"column":6},"end":{"line":41,"column":13}},{"start":{"line":41,"column":17},"end":{"line":41,"column":24}},{"start":{"line":41,"column":28},"end":{"line":41,"column":40}}],"line":41},"4":{"loc":{"start":{"line":60,"column":2},"end":{"line":63,"column":3}},"type":"if","locations":[{"start":{"line":60,"column":2},"end":{"line":63,"column":3}},{"start":{},"end":{}}],"line":60}},"s":{"0":1,"1":1,"2":1,"3":1,"4":1,"5":1,"6":1,"7":1,"8":1,"9":1,"10":1,"11":1,"12":0,"13":0,"14":1,"15":0,"16":0,"17":1,"18":1,"19":1,"20":1,"21":1,"22":4,"23":1,"24":1,"25":1,"26":1,"27":1,"28":0,"29":1,"30":1,"31":1,"32":1,"33":1,"34":1,"35":1,"36":1,"37":0,"38":0,"39":1,"40":1,"41":1,"42":1,"43":1,"44":5,"45":1,"46":1,"47":1},"f":{"0":1,"1":1,"2":0,"3":0,"4":1,"5":4,"6":1,"7":1,"8":1,"9":1,"10":5},"b":{"0":[0,1],"1":[0,1],"2":[0,1],"3":[1,1,1],"4":[0,1]},"inputSourceMap":null,"_coverageSchema":"1a1c01bbd47fc00a2c39e90264f33305004495a9","hash":"9f8d78f9d11f173d31ea1c471822efa239ea346e"}
,"C:\\Users\\Оля\\Desktop\\JS-professional-OTUS\\OTUS-Prof-REST\\src\\controllers\\tasks.controllers.js": {"path":"C:\\Users\\Оля\\Desktop\\JS-professional-OTUS\\OTUS-Prof-REST\\src\\controllers\\tasks.controllers.js","statementMap":{"0":{"start":{"line":2,"column":0},"end":{"line":2,"column":62}},"1":{"start":{"line":3,"column":0},"end":{"line":3,"column":59}},"2":{"start":{"line":4,"column":13},"end":{"line":4,"column":29}},"3":{"start":{"line":5,"column":19},"end":{"line":15,"column":1}},"4":{"start":{"line":6,"column":15},"end":{"line":6,"column":23}},"5":{"start":{"line":7,"column":2},"end":{"line":14,"column":3}},"6":{"start":{"line":8,"column":19},"end":{"line":8,"column":32}},"7":{"start":{"line":9,"column":25},"end":{"line":9,"column":72}},"8":{"start":{"line":9,"column":53},"end":{"line":9,"column":71}},"9":{"start":{"line":10,"column":4},"end":{"line":10,"column":44}},"10":{"start":{"line":11,"column":4},"end":{"line":11,"column":66}},"11":{"start":{"line":13,"column":4},"end":{"line":13,"column":59}},"12":{"start":{"line":16,"column":0},"end":{"line":16,"column":32}},"13":{"start":{"line":17,"column":29},"end":{"line":30,"column":1}},"14":{"start":{"line":18,"column":17},"end":{"line":18,"column":30}},"15":{"start":{"line":19,"column":20},"end":{"line":19,"column":65}},"16":{"start":{"line":19,"column":46},"end":{"line":19,"column":64}},"17":{"start":{"line":20,"column":2},"end":{"line":23,"column":3}},"18":{"start":{"line":21,"column":4},"end":{"line":21,"column":24}},"19":{"start":{"line":22,"column":4},"end":{"line":22,"column":11}},"20":{"start":{"line":24,"column":2},"end":{"line":24,"column":47}},"21":{"start":{"line":25,"column":2},"end":{"line":25,"column":41}},"22":{"start":{"line":26,"column":2},"end":{"line":26,"column":45}},"23":{"start":{"line":27,"column":2},"end":{"line":27,"column":41}},"24":{"start":{"line":28,"column":2},"end":{"line":28,"column":31}},"25":{"start":{"line":29,"column":2},"end":{"line":29,"column":22}},"26":{"start":{"line":31,"column":0},"end":{"line":31,"column":52}}},"fnMap":{"0":{"name":"(anonymous_0)","decl":{"start":{"line":5,"column":19},"end":{"line":5,"column":20}},"loc":{"start":{"line":5,"column":33},"end":{"line":15,"column":1}},"line":5},"1":{"name":"(anonymous_1)","decl":{"start":{"line":9,"column":43},"end":{"line":9,"column":44}},"loc":{"start":{"line":9,"column":53},"end":{"line":9,"column":71}},"line":9},"2":{"name":"(anonymous_2)","decl":{"start":{"line":17,"column":29},"end":{"line":17,"column":30}},"loc":{"start":{"line":17,"column":43},"end":{"line":30,"column":1}},"line":17},"3":{"name":"(anonymous_3)","decl":{"start":{"line":19,"column":36},"end":{"line":19,"column":37}},"loc":{"start":{"line":19,"column":46},"end":{"line":19,"column":64}},"line":19}},"branchMap":{"0":{"loc":{"start":{"line":7,"column":2},"end":{"line":14,"column":3}},"type":"if","locations":[{"start":{"line":7,"column":2},"end":{"line":14,"column":3}},{"start":{"line":12,"column":9},"end":{"line":14,"column":3}}],"line":7},"1":{"loc":{"start":{"line":7,"column":6},"end":{"line":7,"column":41}},"type":"binary-expr","locations":[{"start":{"line":7,"column":6},"end":{"line":7,"column":10}},{"start":{"line":7,"column":14},"end":{"line":7,"column":41}}],"line":7},"2":{"loc":{"start":{"line":20,"column":2},"end":{"line":23,"column":3}},"type":"if","locations":[{"start":{"line":20,"column":2},"end":{"line":23,"column":3}},{"start":{},"end":{}}],"line":20}},"s":{"0":1,"1":1,"2":1,"3":1,"4":1,"5":1,"6":0,"7":0,"8":0,"9":0,"10":0,"11":1,"12":1,"13":1,"14":0,"15":0,"16":0,"17":0,"18":0,"19":0,"20":0,"21":0,"22":0,"23":0,"24":0,"25":0,"26":1},"f":{"0":1,"1":0,"2":0,"3":0},"b":{"0":[0,1],"1":[1,0],"2":[0,0]},"inputSourceMap":null,"_coverageSchema":"1a1c01bbd47fc00a2c39e90264f33305004495a9","hash":"52450ef61223473b536b81332cbf5fe1774c96a4"}
,"C:\\Users\\Оля\\Desktop\\JS-professional-OTUS\\OTUS-Prof-REST\\src\\controllers\\users.controllers.js": {"path":"C:\\Users\\Оля\\Desktop\\JS-professional-OTUS\\OTUS-Prof-REST\\src\\controllers\\users.controllers.js","statementMap":{"0":{"start":{"line":2,"column":0},"end":{"line":2,"column":62}},"1":{"start":{"line":3,"column":0},"end":{"line":7,"column":11}},"2":{"start":{"line":8,"column":15},"end":{"line":8,"column":30}},"3":{"start":{"line":9,"column":13},"end":{"line":9,"column":29}},"4":{"start":{"line":10,"column":19},"end":{"line":15,"column":1}},"5":{"start":{"line":11,"column":17},"end":{"line":11,"column":33}},"6":{"start":{"line":12,"column":18},"end":{"line":12,"column":53}},"7":{"start":{"line":13,"column":2},"end":{"line":13,"column":27}},"8":{"start":{"line":14,"column":2},"end":{"line":14,"column":17}},"9":{"start":{"line":16,"column":0},"end":{"line":16,"column":32}},"10":{"start":{"line":17,"column":29},"end":{"line":26,"column":1}},"11":{"start":{"line":18,"column":18},"end":{"line":24,"column":4}},"12":{"start":{"line":25,"column":2},"end":{"line":25,"column":32}},"13":{"start":{"line":27,"column":0},"end":{"line":27,"column":52}},"14":{"start":{"line":28,"column":19},"end":{"line":33,"column":1}},"15":{"start":{"line":29,"column":17},"end":{"line":29,"column":30}},"16":{"start":{"line":30,"column":23},"end":{"line":30,"column":70}},"17":{"start":{"line":30,"column":51},"end":{"line":30,"column":69}},"18":{"start":{"line":31,"column":2},"end":{"line":31,"column":41}},"19":{"start":{"line":32,"column":2},"end":{"line":32,"column":64}},"20":{"start":{"line":34,"column":0},"end":{"line":34,"column":32}},"21":{"start":{"line":35,"column":29},"end":{"line":48,"column":1}},"22":{"start":{"line":36,"column":17},"end":{"line":36,"column":30}},"23":{"start":{"line":37,"column":20},"end":{"line":37,"column":65}},"24":{"start":{"line":37,"column":46},"end":{"line":37,"column":64}},"25":{"start":{"line":38,"column":2},"end":{"line":41,"column":3}},"26":{"start":{"line":39,"column":4},"end":{"line":39,"column":24}},"27":{"start":{"line":40,"column":4},"end":{"line":40,"column":11}},"28":{"start":{"line":42,"column":2},"end":{"line":42,"column":33}},"29":{"start":{"line":43,"column":2},"end":{"line":43,"column":39}},"30":{"start":{"line":44,"column":2},"end":{"line":44,"column":35}},"31":{"start":{"line":45,"column":2},"end":{"line":45,"column":33}},"32":{"start":{"line":46,"column":2},"end":{"line":46,"column":34}},"33":{"start":{"line":47,"column":2},"end":{"line":47,"column":22}},"34":{"start":{"line":49,"column":0},"end":{"line":49,"column":52}}},"fnMap":{"0":{"name":"(anonymous_0)","decl":{"start":{"line":10,"column":19},"end":{"line":10,"column":20}},"loc":{"start":{"line":10,"column":29},"end":{"line":15,"column":1}},"line":10},"1":{"name":"(anonymous_1)","decl":{"start":{"line":17,"column":29},"end":{"line":17,"column":30}},"loc":{"start":{"line":17,"column":43},"end":{"line":26,"column":1}},"line":17},"2":{"name":"(anonymous_2)","decl":{"start":{"line":28,"column":19},"end":{"line":28,"column":20}},"loc":{"start":{"line":28,"column":33},"end":{"line":33,"column":1}},"line":28},"3":{"name":"(anonymous_3)","decl":{"start":{"line":30,"column":41},"end":{"line":30,"column":42}},"loc":{"start":{"line":30,"column":51},"end":{"line":30,"column":69}},"line":30},"4":{"name":"(anonymous_4)","decl":{"start":{"line":35,"column":29},"end":{"line":35,"column":30}},"loc":{"start":{"line":35,"column":43},"end":{"line":48,"column":1}},"line":35},"5":{"name":"(anonymous_5)","decl":{"start":{"line":37,"column":36},"end":{"line":37,"column":37}},"loc":{"start":{"line":37,"column":46},"end":{"line":37,"column":64}},"line":37}},"branchMap":{"0":{"loc":{"start":{"line":38,"column":2},"end":{"line":41,"column":3}},"type":"if","locations":[{"start":{"line":38,"column":2},"end":{"line":41,"column":3}},{"start":{},"end":{}}],"line":38}},"s":{"0":1,"1":1,"2":1,"3":1,"4":1,"5":1,"6":1,"7":1,"8":1,"9":1,"10":1,"11":1,"12":1,"13":1,"14":1,"15":0,"16":0,"17":0,"18":0,"19":0,"20":1,"21":1,"22":3,"23":3,"24":7,"25":3,"26":2,"27":2,"28":1,"29":1,"30":1,"31":1,"32":1,"33":1,"34":1},"f":{"0":1,"1":1,"2":0,"3":0,"4":3,"5":7},"b":{"0":[2,1]},"inputSourceMap":null,"_coverageSchema":"1a1c01bbd47fc00a2c39e90264f33305004495a9","hash":"f9c5a73ec4e50e13ae830e7b1ab63af10822a6fd"}
,"C:\\Users\\Оля\\Desktop\\JS-professional-OTUS\\OTUS-Prof-REST\\src\\routes\\routes.js": {"path":"C:\\Users\\Оля\\Desktop\\JS-professional-OTUS\\OTUS-Prof-REST\\src\\routes\\routes.js","statementMap":{"0":{"start":{"line":3,"column":2},"end":{"line":6,"column":3}},"1":{"start":{"line":5,"column":4},"end":{"line":5,"column":58}},"2":{"start":{"line":7,"column":0},"end":{"line":7,"column":62}},"3":{"start":{"line":8,"column":13},"end":{"line":8,"column":29}},"4":{"start":{"line":9,"column":18},"end":{"line":9,"column":53}},"5":{"start":{"line":10,"column":28},"end":{"line":10,"column":71}},"6":{"start":{"line":11,"column":28},"end":{"line":11,"column":71}},"7":{"start":{"line":12,"column":30},"end":{"line":12,"column":75}},"8":{"start":{"line":13,"column":15},"end":{"line":13,"column":41}},"9":{"start":{"line":30,"column":0},"end":{"line":32,"column":3}},"10":{"start":{"line":31,"column":2},"end":{"line":31,"column":35}},"11":{"start":{"line":50,"column":0},"end":{"line":59,"column":3}},"12":{"start":{"line":53,"column":20},"end":{"line":53,"column":66}},"13":{"start":{"line":53,"column":43},"end":{"line":53,"column":65}},"14":{"start":{"line":54,"column":2},"end":{"line":57,"column":3}},"15":{"start":{"line":55,"column":4},"end":{"line":55,"column":24}},"16":{"start":{"line":56,"column":4},"end":{"line":56,"column":11}},"17":{"start":{"line":58,"column":2},"end":{"line":58,"column":22}},"18":{"start":{"line":77,"column":0},"end":{"line":77,"column":64}},"19":{"start":{"line":95,"column":0},"end":{"line":95,"column":60}},"20":{"start":{"line":113,"column":0},"end":{"line":113,"column":67}},"21":{"start":{"line":130,"column":0},"end":{"line":132,"column":3}},"22":{"start":{"line":131,"column":2},"end":{"line":131,"column":23}},"23":{"start":{"line":150,"column":0},"end":{"line":157,"column":3}},"24":{"start":{"line":151,"column":20},"end":{"line":151,"column":66}},"25":{"start":{"line":151,"column":43},"end":{"line":151,"column":65}},"26":{"start":{"line":152,"column":2},"end":{"line":155,"column":3}},"27":{"start":{"line":153,"column":4},"end":{"line":153,"column":24}},"28":{"start":{"line":154,"column":4},"end":{"line":154,"column":11}},"29":{"start":{"line":156,"column":2},"end":{"line":156,"column":22}},"30":{"start":{"line":175,"column":0},"end":{"line":175,"column":60}},"31":{"start":{"line":193,"column":0},"end":{"line":193,"column":67}},"32":{"start":{"line":210,"column":0},"end":{"line":210,"column":59}},"33":{"start":{"line":222,"column":0},"end":{"line":222,"column":66}},"34":{"start":{"line":233,"column":0},"end":{"line":233,"column":72}},"35":{"start":{"line":244,"column":0},"end":{"line":244,"column":76}},"36":{"start":{"line":255,"column":0},"end":{"line":255,"column":68}},"37":{"start":{"line":256,"column":0},"end":{"line":256,"column":25}}},"fnMap":{"0":{"name":"(anonymous_0)","decl":{"start":{"line":4,"column":2},"end":{"line":4,"column":3}},"loc":{"start":{"line":4,"column":17},"end":{"line":6,"column":3}},"line":4},"1":{"name":"(anonymous_1)","decl":{"start":{"line":30,"column":21},"end":{"line":30,"column":22}},"loc":{"start":{"line":30,"column":35},"end":{"line":32,"column":1}},"line":30},"2":{"name":"(anonymous_2)","decl":{"start":{"line":50,"column":25},"end":{"line":50,"column":26}},"loc":{"start":{"line":50,"column":39},"end":{"line":59,"column":1}},"line":50},"3":{"name":"(anonymous_3)","decl":{"start":{"line":53,"column":36},"end":{"line":53,"column":37}},"loc":{"start":{"line":53,"column":43},"end":{"line":53,"column":65}},"line":53},"4":{"name":"(anonymous_4)","decl":{"start":{"line":130,"column":21},"end":{"line":130,"column":22}},"loc":{"start":{"line":130,"column":35},"end":{"line":132,"column":1}},"line":130},"5":{"name":"(anonymous_5)","decl":{"start":{"line":150,"column":25},"end":{"line":150,"column":26}},"loc":{"start":{"line":150,"column":39},"end":{"line":157,"column":1}},"line":150},"6":{"name":"(anonymous_6)","decl":{"start":{"line":151,"column":36},"end":{"line":151,"column":37}},"loc":{"start":{"line":151,"column":43},"end":{"line":151,"column":65}},"line":151}},"branchMap":{"0":{"loc":{"start":{"line":3,"column":2},"end":{"line":6,"column":3}},"type":"binary-expr","locations":[{"start":{"line":3,"column":3},"end":{"line":3,"column":7}},{"start":{"line":3,"column":11},"end":{"line":3,"column":31}},{"start":{"line":4,"column":2},"end":{"line":6,"column":3}}],"line":3},"1":{"loc":{"start":{"line":5,"column":11},"end":{"line":5,"column":57}},"type":"cond-expr","locations":[{"start":{"line":5,"column":35},"end":{"line":5,"column":38}},{"start":{"line":5,"column":41},"end":{"line":5,"column":57}}],"line":5},"2":{"loc":{"start":{"line":5,"column":11},"end":{"line":5,"column":32}},"type":"binary-expr","locations":[{"start":{"line":5,"column":11},"end":{"line":5,"column":14}},{"start":{"line":5,"column":18},"end":{"line":5,"column":32}}],"line":5},"3":{"loc":{"start":{"line":54,"column":2},"end":{"line":57,"column":3}},"type":"if","locations":[{"start":{"line":54,"column":2},"end":{"line":57,"column":3}},{"start":{},"end":{}}],"line":54},"4":{"loc":{"start":{"line":152,"column":2},"end":{"line":155,"column":3}},"type":"if","locations":[{"start":{"line":152,"column":2},"end":{"line":155,"column":3}},{"start":{},"end":{}}],"line":152}},"s":{"0":1,"1":1,"2":1,"3":1,"4":1,"5":1,"6":1,"7":1,"8":1,"9":1,"10":1,"11":1,"12":1,"13":1,"14":1,"15":0,"16":0,"17":1,"18":1,"19":1,"20":1,"21":1,"22":1,"23":1,"24":0,"25":0,"26":0,"27":0,"28":0,"29":0,"30":1,"31":1,"32":1,"33":1,"34":1,"35":1,"36":1,"37":1},"f":{"0":1,"1":1,"2":1,"3":1,"4":1,"5":0,"6":0},"b":{"0":[1,1,1],"1":[0,1],"2":[1,1],"3":[0,1],"4":[0,0]},"inputSourceMap":null,"_coverageSchema":"1a1c01bbd47fc00a2c39e90264f33305004495a9","hash":"11a598579a90e0aa6daf6d4c0384b6d424041d0a"}
}
