TN:
SF:dist\src\db.js
FN:20,(anonymous_0)
FN:50,(anonymous_1)
FN:68,(anonymous_2)
FNF:3
FNH:1
FNDA:0,(anonymous_0)
FNDA:0,(anonymous_1)
FNDA:1,(anonymous_2)
DA:2,1
DA:3,1
DA:4,1
DA:20,1
DA:21,0
DA:23,1
DA:24,1
DA:50,1
DA:51,0
DA:53,1
DA:54,1
DA:68,1
DA:69,1
DA:71,1
LF:14
LH:12
BRF:0
BRH:0
end_of_record
TN:
SF:dist\src\index.js
FN:2,(anonymous_0)
FN:3,adopt
FN:3,(anonymous_2)
FN:4,(anonymous_3)
FN:5,fulfilled
FN:6,rejected
FN:7,step
FN:11,(anonymous_7)
FN:45,(anonymous_8)
FN:45,(anonymous_9)
FN:45,(anonymous_10)
FN:45,(anonymous_11)
FN:61,(anonymous_12)
FN:68,(anonymous_13)
FN:72,(anonymous_14)
FN:81,(anonymous_15)
FN:90,(anonymous_16)
FN:93,(anonymous_17)
FN:93,(anonymous_18)
FN:108,(anonymous_19)
FN:109,(anonymous_20)
FN:117,(anonymous_21)
FN:120,(anonymous_22)
FN:121,(anonymous_23)
FN:128,(anonymous_24)
FN:139,(anonymous_25)
FN:140,(anonymous_26)
FN:144,(anonymous_27)
FN:145,(anonymous_28)
FN:157,(anonymous_29)
FN:160,(anonymous_30)
FN:161,(anonymous_31)
FN:168,(anonymous_32)
FN:172,(anonymous_33)
FN:180,(anonymous_34)
FN:181,(anonymous_35)
FN:194,(anonymous_36)
FN:199,(anonymous_37)
FN:202,(anonymous_38)
FN:206,(anonymous_39)
FN:208,(anonymous_40)
FN:211,(anonymous_41)
FN:227,(anonymous_42)
FN:228,(anonymous_43)
FN:236,(anonymous_44)
FN:237,(anonymous_45)
FN:244,checkAuthenticated
FN:251,checkNotAuthenticated
FNF:48
FNH:17
FNDA:0,(anonymous_0)
FNDA:0,adopt
FNDA:0,(anonymous_2)
FNDA:0,(anonymous_3)
FNDA:0,fulfilled
FNDA:0,rejected
FNDA:0,step
FNDA:11,(anonymous_7)
FNDA:0,(anonymous_8)
FNDA:0,(anonymous_9)
FNDA:0,(anonymous_10)
FNDA:0,(anonymous_11)
FNDA:1,(anonymous_12)
FNDA:1,(anonymous_13)
FNDA:0,(anonymous_14)
FNDA:0,(anonymous_15)
FNDA:0,(anonymous_16)
FNDA:0,(anonymous_17)
FNDA:0,(anonymous_18)
FNDA:0,(anonymous_19)
FNDA:0,(anonymous_20)
FNDA:0,(anonymous_21)
FNDA:0,(anonymous_22)
FNDA:0,(anonymous_23)
FNDA:1,(anonymous_24)
FNDA:0,(anonymous_25)
FNDA:0,(anonymous_26)
FNDA:3,(anonymous_27)
FNDA:7,(anonymous_28)
FNDA:1,(anonymous_29)
FNDA:0,(anonymous_30)
FNDA:0,(anonymous_31)
FNDA:1,(anonymous_32)
FNDA:0,(anonymous_33)
FNDA:0,(anonymous_34)
FNDA:0,(anonymous_35)
FNDA:1,(anonymous_36)
FNDA:0,(anonymous_37)
FNDA:0,(anonymous_38)
FNDA:1,(anonymous_39)
FNDA:2,(anonymous_40)
FNDA:1,(anonymous_41)
FNDA:1,(anonymous_42)
FNDA:1,(anonymous_43)
FNDA:1,(anonymous_44)
FNDA:3,(anonymous_45)
FNDA:2,checkAuthenticated
FNDA:0,checkNotAuthenticated
DA:2,1
DA:3,0
DA:4,0
DA:5,0
DA:6,0
DA:7,0
DA:8,0
DA:11,1
DA:12,11
DA:14,1
DA:15,1
DA:16,1
DA:17,1
DA:18,1
DA:19,1
DA:20,1
DA:21,1
DA:22,1
DA:23,1
DA:24,1
DA:25,1
DA:26,1
DA:27,1
DA:28,1
DA:29,1
DA:30,1
DA:32,1
DA:33,1
DA:34,1
DA:44,1
DA:45,1
DA:46,1
DA:47,1
DA:48,1
DA:53,1
DA:54,1
DA:55,1
DA:56,1
DA:57,1
DA:58,1
DA:59,1
DA:60,1
DA:61,1
DA:62,1
DA:63,1
DA:64,1
DA:65,1
DA:67,1
DA:68,1
DA:69,1
DA:71,1
DA:72,1
DA:73,0
DA:74,0
DA:75,0
DA:78,0
DA:81,1
DA:82,0
DA:83,0
DA:85,1
DA:90,1
DA:91,0
DA:93,1
DA:94,0
DA:95,0
DA:96,0
DA:102,0
DA:105,0
DA:108,1
DA:109,0
DA:110,0
DA:111,0
DA:113,0
DA:117,1
DA:118,0
DA:120,1
DA:121,0
DA:122,0
DA:123,0
DA:124,0
DA:126,0
DA:128,1
DA:129,1
DA:137,1
DA:139,1
DA:140,0
DA:141,0
DA:142,0
DA:144,1
DA:145,7
DA:146,3
DA:147,2
DA:148,2
DA:150,1
DA:151,1
DA:152,1
DA:153,1
DA:154,1
DA:157,1
DA:158,1
DA:160,1
DA:161,0
DA:162,0
DA:163,0
DA:164,0
DA:166,0
DA:168,1
DA:169,1
DA:171,1
DA:172,0
DA:173,0
DA:174,0
DA:177,1
DA:180,1
DA:181,0
DA:182,0
DA:183,0
DA:184,0
DA:186,0
DA:187,0
DA:188,0
DA:189,0
DA:190,0
DA:191,0
DA:194,1
DA:195,1
DA:196,1
DA:197,1
DA:198,1
DA:199,0
DA:201,1
DA:202,0
DA:204,1
DA:206,1
DA:207,1
DA:208,2
DA:209,1
DA:211,1
DA:212,1
DA:213,1
DA:214,0
DA:218,1
DA:224,1
DA:225,1
DA:227,1
DA:228,1
DA:229,1
DA:230,0
DA:231,0
DA:233,1
DA:234,1
DA:236,1
DA:237,3
DA:238,1
DA:239,1
DA:245,2
DA:246,0
DA:248,2
DA:250,1
DA:252,0
DA:253,0
DA:255,0
DA:257,1
LF:163
LH:105
BRDA:2,0,0,1
BRDA:2,0,1,1
BRDA:2,0,2,1
BRDA:3,1,0,0
BRDA:3,1,1,0
BRDA:4,2,0,0
BRDA:4,2,1,0
BRDA:7,3,0,0
BRDA:7,3,1,0
BRDA:8,4,0,0
BRDA:8,4,1,0
BRDA:11,5,0,1
BRDA:11,5,1,1
BRDA:11,5,2,1
BRDA:12,6,0,2
BRDA:12,6,1,9
BRDA:12,7,0,11
BRDA:12,7,1,11
BRDA:29,8,0,1
BRDA:29,8,1,0
BRDA:73,9,0,0
BRDA:73,9,1,0
BRDA:110,10,0,0
BRDA:110,10,1,0
BRDA:122,11,0,0
BRDA:122,11,1,0
BRDA:146,12,0,2
BRDA:146,12,1,1
BRDA:162,13,0,0
BRDA:162,13,1,0
BRDA:171,14,0,0
BRDA:171,14,1,1
BRDA:171,15,0,1
BRDA:171,15,1,0
BRDA:182,16,0,0
BRDA:182,16,1,0
BRDA:198,17,0,0
BRDA:198,17,1,1
BRDA:201,18,0,0
BRDA:201,18,1,1
BRDA:213,19,0,0
BRDA:213,19,1,1
BRDA:213,20,0,1
BRDA:213,20,1,1
BRDA:213,20,2,1
BRDA:229,21,0,0
BRDA:229,21,1,1
BRDA:245,22,0,0
BRDA:245,22,1,2
BRDA:252,23,0,0
BRDA:252,23,1,0
BRF:51
BRH:23
end_of_record
TN:
SF:dist\src\passport-config.js
FN:2,(anonymous_0)
FN:3,adopt
FN:3,(anonymous_2)
FN:4,(anonymous_3)
FN:5,fulfilled
FN:6,rejected
FN:7,step
FN:11,(anonymous_7)
FN:17,initialize
FN:18,(anonymous_9)
FN:19,(anonymous_10)
FN:19,(anonymous_11)
FN:41,(anonymous_12)
FN:44,(anonymous_13)
FNF:14
FNH:6
FNDA:1,(anonymous_0)
FNDA:0,adopt
FNDA:0,(anonymous_2)
FNDA:1,(anonymous_3)
FNDA:0,fulfilled
FNDA:0,rejected
FNDA:1,step
FNDA:1,(anonymous_7)
FNDA:1,initialize
FNDA:1,(anonymous_9)
FNDA:0,(anonymous_10)
FNDA:0,(anonymous_11)
FNDA:0,(anonymous_12)
FNDA:0,(anonymous_13)
DA:2,1
DA:3,0
DA:4,1
DA:5,0
DA:6,0
DA:7,1
DA:8,1
DA:11,1
DA:12,1
DA:14,1
DA:15,1
DA:16,1
DA:18,1
DA:19,1
DA:20,0
DA:21,0
DA:22,0
DA:23,0
DA:24,0
DA:26,0
DA:27,0
DA:28,0
DA:31,0
DA:32,0
DA:36,0
DA:39,1
DA:40,1
DA:41,1
DA:42,0
DA:44,1
DA:45,0
DA:46,0
DA:50,1
LF:33
LH:16
BRDA:2,0,0,1
BRDA:2,0,1,1
BRDA:2,0,2,1
BRDA:3,1,0,0
BRDA:3,1,1,0
BRDA:4,2,0,1
BRDA:4,2,1,1
BRDA:7,3,0,1
BRDA:7,3,1,0
BRDA:8,4,0,1
BRDA:8,4,1,1
BRDA:11,5,0,1
BRDA:11,5,1,1
BRDA:11,5,2,1
BRDA:12,6,0,0
BRDA:12,6,1,1
BRDA:12,7,0,1
BRDA:12,7,1,1
BRDA:22,8,0,0
BRDA:22,8,1,0
BRDA:27,9,0,0
BRDA:27,9,1,0
BRF:22
BRH:14
end_of_record
TN:
SF:dist\src\routes.js
FN:2,(anonymous_0)
FN:25,(anonymous_1)
FN:46,(anonymous_2)
FNF:3
FNH:3
FNDA:1,(anonymous_0)
FNDA:1,(anonymous_1)
FNDA:1,(anonymous_2)
DA:2,1
DA:3,1
DA:5,1
DA:6,1
DA:7,1
DA:8,1
DA:25,1
DA:27,1
DA:46,1
DA:47,1
DA:48,1
DA:50,1
LF:12
LH:12
BRDA:2,0,0,1
BRDA:2,0,1,1
BRDA:2,0,2,1
BRDA:3,1,0,0
BRDA:3,1,1,1
BRDA:3,2,0,1
BRDA:3,2,1,1
BRF:7
BRH:6
end_of_record
TN:
SF:src\db.ts
FN:24,(anonymous_0)
FN:55,(anonymous_1)
FN:72,(anonymous_2)
FNF:3
FNH:1
FNDA:0,(anonymous_0)
FNDA:0,(anonymous_1)
FNDA:1,(anonymous_2)
DA:7,2
DA:24,2
DA:25,0
DA:28,2
DA:55,2
DA:56,0
DA:58,2
DA:72,2
DA:73,1
LF:9
LH:7
BRF:0
BRH:0
end_of_record
TN:
SF:src\index.ts
FN:48,(anonymous_0)
FN:48,(anonymous_1)
FN:49,(anonymous_2)
FN:49,(anonymous_3)
FN:71,(anonymous_4)
FN:81,(anonymous_5)
FN:85,(anonymous_6)
FN:94,(anonymous_7)
FN:107,(anonymous_8)
FN:110,(anonymous_9)
FN:125,(anonymous_10)
FN:126,(anonymous_11)
FN:135,(anonymous_12)
FN:138,(anonymous_13)
FN:139,(anonymous_14)
FN:147,(anonymous_15)
FN:160,(anonymous_16)
FN:161,(anonymous_17)
FN:166,(anonymous_18)
FN:167,(anonymous_19)
FN:179,(anonymous_20)
FN:182,(anonymous_21)
FN:183,(anonymous_22)
FN:191,(anonymous_23)
FN:195,(anonymous_24)
FN:203,(anonymous_25)
FN:204,(anonymous_26)
FN:218,(anonymous_27)
FN:225,(anonymous_28)
FN:231,(anonymous_29)
FN:238,(anonymous_30)
FN:240,(anonymous_31)
FN:244,(anonymous_32)
FN:261,(anonymous_33)
FN:262,(anonymous_34)
FN:271,(anonymous_35)
FN:272,(anonymous_36)
FN:280,checkAuthenticated
FN:286,checkNotAuthenticated
FNF:39
FNH:16
FNDA:0,(anonymous_0)
FNDA:0,(anonymous_1)
FNDA:0,(anonymous_2)
FNDA:0,(anonymous_3)
FNDA:1,(anonymous_4)
FNDA:1,(anonymous_5)
FNDA:0,(anonymous_6)
FNDA:0,(anonymous_7)
FNDA:0,(anonymous_8)
FNDA:0,(anonymous_9)
FNDA:0,(anonymous_10)
FNDA:0,(anonymous_11)
FNDA:0,(anonymous_12)
FNDA:0,(anonymous_13)
FNDA:0,(anonymous_14)
FNDA:1,(anonymous_15)
FNDA:0,(anonymous_16)
FNDA:0,(anonymous_17)
FNDA:3,(anonymous_18)
FNDA:7,(anonymous_19)
FNDA:2,(anonymous_20)
FNDA:0,(anonymous_21)
FNDA:0,(anonymous_22)
FNDA:1,(anonymous_23)
FNDA:0,(anonymous_24)
FNDA:0,(anonymous_25)
FNDA:0,(anonymous_26)
FNDA:1,(anonymous_27)
FNDA:0,(anonymous_28)
FNDA:0,(anonymous_29)
FNDA:1,(anonymous_30)
FNDA:2,(anonymous_31)
FNDA:1,(anonymous_32)
FNDA:1,(anonymous_33)
FNDA:1,(anonymous_34)
FNDA:1,(anonymous_35)
FNDA:3,(anonymous_36)
FNDA:4,checkAuthenticated
FNDA:0,checkNotAuthenticated
DA:27,2
DA:28,2
DA:31,2
DA:32,2
DA:33,2
DA:44,2
DA:46,2
DA:48,0
DA:49,0
DA:51,2
DA:53,2
DA:54,2
DA:61,2
DA:62,2
DA:64,2
DA:65,2
DA:66,2
DA:67,2
DA:68,2
DA:69,2
DA:71,2
DA:72,1
DA:73,1
DA:77,1
DA:78,1
DA:81,2
DA:82,1
DA:85,2
DA:86,0
DA:87,0
DA:88,0
DA:90,0
DA:94,2
DA:95,0
DA:96,0
DA:98,2
DA:107,2
DA:108,0
DA:110,2
DA:111,0
DA:112,0
DA:113,0
DA:119,0
DA:121,0
DA:125,2
DA:126,0
DA:127,0
DA:128,0
DA:130,0
DA:135,2
DA:136,0
DA:138,2
DA:139,0
DA:140,0
DA:141,0
DA:142,0
DA:144,0
DA:147,2
DA:148,1
DA:157,1
DA:160,2
DA:161,0
DA:162,0
DA:163,0
DA:166,2
DA:167,7
DA:168,3
DA:169,2
DA:170,2
DA:172,1
DA:173,1
DA:174,1
DA:175,1
DA:176,1
DA:179,2
DA:180,2
DA:182,2
DA:183,0
DA:184,0
DA:185,0
DA:186,0
DA:188,0
DA:191,2
DA:192,1
DA:194,1
DA:195,0
DA:196,0
DA:197,0
DA:199,1
DA:203,2
DA:204,0
DA:205,0
DA:206,0
DA:207,0
DA:209,0
DA:210,0
DA:211,0
DA:212,0
DA:213,0
DA:214,0
DA:218,2
DA:219,1
DA:220,1
DA:222,1
DA:223,1
DA:224,0
DA:225,0
DA:229,1
DA:230,0
DA:231,0
DA:235,1
DA:238,2
DA:239,1
DA:240,2
DA:241,1
DA:244,2
DA:245,1
DA:246,1
DA:247,0
DA:252,1
DA:258,1
DA:259,1
DA:261,2
DA:262,1
DA:263,1
DA:264,0
DA:265,0
DA:267,1
DA:269,1
DA:271,2
DA:272,3
DA:273,1
DA:274,1
DA:281,4
DA:282,0
DA:284,4
DA:287,0
DA:288,0
DA:290,0
LF:139
LH:83
BRDA:27,0,0,2
BRDA:27,0,1,0
BRDA:86,1,0,0
BRDA:86,1,1,0
BRDA:127,2,0,0
BRDA:127,2,1,0
BRDA:140,3,0,0
BRDA:140,3,1,0
BRDA:168,4,0,2
BRDA:168,4,1,1
BRDA:184,5,0,0
BRDA:184,5,1,0
BRDA:194,6,0,0
BRDA:194,6,1,1
BRDA:194,7,0,1
BRDA:194,7,1,0
BRDA:205,8,0,0
BRDA:205,8,1,0
BRDA:223,9,0,0
BRDA:223,9,1,1
BRDA:229,10,0,0
BRDA:229,10,1,1
BRDA:246,11,0,0
BRDA:246,11,1,1
BRDA:246,12,0,1
BRDA:246,12,1,1
BRDA:246,12,2,1
BRDA:263,13,0,0
BRDA:263,13,1,1
BRDA:281,14,0,0
BRDA:281,14,1,4
BRDA:287,15,0,0
BRDA:287,15,1,0
BRF:33
BRH:13
end_of_record
TN:
SF:src\passport-config.ts
FN:5,initialize
FN:10,(anonymous_1)
FN:35,(anonymous_2)
FN:39,(anonymous_3)
FNF:4
FNH:1
FNDA:2,initialize
FNDA:0,(anonymous_1)
FNDA:0,(anonymous_2)
FNDA:0,(anonymous_3)
DA:10,2
DA:15,0
DA:16,0
DA:17,0
DA:18,0
DA:19,0
DA:21,0
DA:22,0
DA:23,0
DA:25,0
DA:26,0
DA:29,0
DA:33,2
DA:34,2
DA:35,2
DA:36,0
DA:39,2
DA:40,0
DA:41,0
LF:19
LH:5
BRDA:17,0,0,0
BRDA:17,0,1,0
BRDA:22,1,0,0
BRDA:22,1,1,0
BRF:4
BRH:0
end_of_record
TN:
SF:src\routes.ts
FN:24,(anonymous_0)
FN:46,(anonymous_1)
FNF:2
FNH:2
FNDA:1,(anonymous_0)
FNDA:1,(anonymous_1)
DA:5,2
DA:24,2
DA:26,1
DA:46,2
DA:47,1
DA:48,1
LF:6
LH:6
BRF:0
BRH:0
end_of_record
