TN:
SF:src\db.ts
FN:14,(anonymous_0)
FN:45,(anonymous_1)
FN:62,(anonymous_2)
FNF:3
FNH:0
FNDA:0,(anonymous_0)
FNDA:0,(anonymous_1)
FNDA:0,(anonymous_2)
DA:4,2
DA:14,2
DA:15,0
DA:18,2
DA:45,2
DA:46,0
DA:48,2
DA:62,2
DA:63,0
LF:9
LH:6
BRF:0
BRH:0
end_of_record
TN:
SF:src\index.ts
FN:51,(anonymous_0)
FN:51,(anonymous_1)
FN:52,(anonymous_2)
FN:52,(anonymous_3)
FN:74,(anonymous_4)
FN:84,(anonymous_5)
FN:88,(anonymous_6)
FN:97,(anonymous_7)
FN:110,(anonymous_8)
FN:113,(anonymous_9)
FN:128,(anonymous_10)
FN:129,(anonymous_11)
FN:138,(anonymous_12)
FN:141,(anonymous_13)
FN:142,(anonymous_14)
FN:150,(anonymous_15)
FN:163,(anonymous_16)
FN:164,(anonymous_17)
FN:169,(anonymous_18)
FN:170,(anonymous_19)
FN:182,(anonymous_20)
FN:185,(anonymous_21)
FN:186,(anonymous_22)
FN:194,(anonymous_23)
FN:197,(anonymous_24)
FN:205,(anonymous_25)
FN:206,(anonymous_26)
FN:220,(anonymous_27)
FN:227,(anonymous_28)
FN:233,(anonymous_29)
FN:240,(anonymous_30)
FN:242,(anonymous_31)
FN:246,(anonymous_32)
FN:265,(anonymous_33)
FN:266,(anonymous_34)
FN:275,(anonymous_35)
FN:276,(anonymous_36)
FN:284,checkAuthenticated
FN:290,checkNotAuthenticated
FNF:39
FNH:13
FNDA:0,(anonymous_0)
FNDA:0,(anonymous_1)
FNDA:0,(anonymous_2)
FNDA:0,(anonymous_3)
FNDA:1,(anonymous_4)
FNDA:1,(anonymous_5)
FNDA:0,(anonymous_6)
FNDA:0,(anonymous_7)
FNDA:0,(anonymous_8)
FNDA:0,(anonymous_9)
FNDA:0,(anonymous_10)
FNDA:0,(anonymous_11)
FNDA:0,(anonymous_12)
FNDA:0,(anonymous_13)
FNDA:0,(anonymous_14)
FNDA:1,(anonymous_15)
FNDA:0,(anonymous_16)
FNDA:0,(anonymous_17)
FNDA:3,(anonymous_18)
FNDA:5,(anonymous_19)
FNDA:2,(anonymous_20)
FNDA:0,(anonymous_21)
FNDA:0,(anonymous_22)
FNDA:0,(anonymous_23)
FNDA:0,(anonymous_24)
FNDA:0,(anonymous_25)
FNDA:0,(anonymous_26)
FNDA:1,(anonymous_27)
FNDA:0,(anonymous_28)
FNDA:0,(anonymous_29)
FNDA:1,(anonymous_30)
FNDA:2,(anonymous_31)
FNDA:1,(anonymous_32)
FNDA:1,(anonymous_33)
FNDA:1,(anonymous_34)
FNDA:0,(anonymous_35)
FNDA:0,(anonymous_36)
FNDA:4,checkAuthenticated
FNDA:0,checkNotAuthenticated
DA:30,2
DA:31,2
DA:34,2
DA:35,2
DA:36,2
DA:47,2
DA:49,2
DA:51,0
DA:52,0
DA:54,2
DA:56,2
DA:57,2
DA:64,2
DA:65,2
DA:67,2
DA:68,2
DA:69,2
DA:70,2
DA:71,2
DA:72,2
DA:74,2
DA:75,1
DA:76,1
DA:80,1
DA:81,1
DA:84,2
DA:85,1
DA:88,2
DA:89,0
DA:90,0
DA:91,0
DA:93,0
DA:97,2
DA:98,0
DA:99,0
DA:101,2
DA:110,2
DA:111,0
DA:113,2
DA:114,0
DA:115,0
DA:116,0
DA:122,0
DA:124,0
DA:128,2
DA:129,0
DA:130,0
DA:131,0
DA:133,0
DA:138,2
DA:139,0
DA:141,2
DA:142,0
DA:143,0
DA:144,0
DA:145,0
DA:147,0
DA:150,2
DA:151,1
DA:160,1
DA:163,2
DA:164,0
DA:165,0
DA:166,0
DA:169,2
DA:170,5
DA:171,3
DA:172,2
DA:173,2
DA:175,1
DA:176,1
DA:177,1
DA:178,1
DA:179,1
DA:182,2
DA:183,2
DA:185,2
DA:186,0
DA:187,0
DA:188,0
DA:189,0
DA:191,0
DA:194,2
DA:195,0
DA:196,0
DA:197,0
DA:198,0
DA:199,0
DA:201,0
DA:205,2
DA:206,0
DA:207,0
DA:208,0
DA:209,0
DA:211,0
DA:212,0
DA:213,0
DA:214,0
DA:215,0
DA:216,0
DA:220,2
DA:221,1
DA:222,1
DA:224,1
DA:225,1
DA:226,0
DA:227,0
DA:231,1
DA:232,0
DA:233,0
DA:237,1
DA:240,2
DA:241,1
DA:242,2
DA:243,1
DA:246,2
DA:247,1
DA:248,1
DA:249,0
DA:256,1
DA:262,1
DA:263,1
DA:265,2
DA:266,1
DA:267,1
DA:268,0
DA:269,0
DA:271,1
DA:273,1
DA:275,2
DA:276,0
DA:277,0
DA:278,0
DA:285,4
DA:286,0
DA:288,4
DA:291,0
DA:292,0
DA:294,0
LF:139
LH:77
BRDA:30,0,0,2
BRDA:30,0,1,0
BRDA:89,1,0,0
BRDA:89,1,1,0
BRDA:130,2,0,0
BRDA:130,2,1,0
BRDA:143,3,0,0
BRDA:143,3,1,0
BRDA:171,4,0,2
BRDA:171,4,1,1
BRDA:187,5,0,0
BRDA:187,5,1,0
BRDA:196,6,0,0
BRDA:196,6,1,0
BRDA:196,7,0,0
BRDA:196,7,1,0
BRDA:207,8,0,0
BRDA:207,8,1,0
BRDA:225,9,0,0
BRDA:225,9,1,1
BRDA:231,10,0,0
BRDA:231,10,1,1
BRDA:248,11,0,0
BRDA:248,11,1,1
BRDA:248,12,0,1
BRDA:248,12,1,1
BRDA:248,12,2,1
BRDA:267,13,0,0
BRDA:267,13,1,1
BRDA:285,14,0,0
BRDA:285,14,1,4
BRDA:291,15,0,0
BRDA:291,15,1,0
BRF:33
BRH:11
end_of_record
TN:
SF:src\passport-config.ts
FN:5,initialize
FN:10,(anonymous_1)
FN:35,(anonymous_2)
FN:39,(anonymous_3)
FNF:4
FNH:1
FNDA:2,initialize
FNDA:0,(anonymous_1)
FNDA:0,(anonymous_2)
FNDA:0,(anonymous_3)
DA:10,2
DA:15,0
DA:16,0
DA:17,0
DA:18,0
DA:19,0
DA:21,0
DA:22,0
DA:23,0
DA:25,0
DA:26,0
DA:29,0
DA:33,2
DA:34,2
DA:35,2
DA:36,0
DA:39,2
DA:40,0
DA:41,0
LF:19
LH:5
BRDA:17,0,0,0
BRDA:17,0,1,0
BRDA:22,1,0,0
BRDA:22,1,1,0
BRF:4
BRH:0
end_of_record
TN:
SF:src\routes.ts
FN:24,(anonymous_0)
FN:46,(anonymous_1)
FNF:2
FNH:2
FNDA:1,(anonymous_0)
FNDA:1,(anonymous_1)
DA:5,2
DA:24,2
DA:26,1
DA:46,2
DA:47,1
DA:48,1
LF:6
LH:6
BRF:0
BRH:0
end_of_record
